2025/05/18 15:16:30 ๐ ะกะตัะฒะตั ะทะฐะฟััะตะฝ ะฝะฐ http://localhost:8080
2025/05/18 15:16:53 ๐พ LIVE ะบัั ะพะฑะฝะพะฒะปัะฝ
2025/05/18 15:16:53 ๐ ะะธะดั ัะฟะพััะฐ ะธะท LIVE: [ะะธะฑะตััะฟะพัั ะคััะฑะพะป]
2025/05/18 15:16:54 ๐พ LIVE ะบัั ะพะฑะฝะพะฒะปัะฝ
2025/05/18 15:16:54 ๐ ะะธะดั ัะฟะพััะฐ ะธะท LIVE: [ะคััะฑะพะป ะะธะฑะตััะฟะพัั]
2025/05/18 15:16:55 ๐พ LIVE ะบัั ะพะฑะฝะพะฒะปัะฝ
2025/05/18 15:16:55 ๐ ะะธะดั ัะฟะพััะฐ ะธะท LIVE: [ะคััะฑะพะป ะะธะฑะตััะฟะพัั]
2025/05/18 15:16:56 ๐พ PREMATCH ะบัั ะพะฑะฝะพะฒะปัะฝ
2025/05/18 15:16:56 โฑ๏ธ ะะฐะณััะทะบะฐ ะทะฐะฒะตััะตะฝะฐ ะทะฐ 10.036934651s
2025/05/18 15:16:56 ๐พ PREMATCH ะบัั ะพะฑะฝะพะฒะปัะฝ
2025/05/18 15:16:56 โฑ๏ธ ะะฐะณััะทะบะฐ ะทะฐะฒะตััะตะฝะฐ ะทะฐ 8.864094532s
2025/05/18 15:16:56 ๐ฆ LIVE ะธะท Redis
2025/05/18 15:16:56 ๐ฆ PREMATCH ะธะท Redis
2025/05/18 15:16:56 ๐ ะะธะดั ัะฟะพััะฐ ะธะท LIVE: []
2025/05/18 15:16:56 ๐พ PREMATCH ะบัั ะพะฑะฝะพะฒะปัะฝ
2025/05/18 15:16:56 โฑ๏ธ ะะฐะณััะทะบะฐ ะทะฐะฒะตััะตะฝะฐ ะทะฐ 277.626ยตs
2025/05/18 15:16:57 ๐พ PREMATCH ะบัั ะพะฑะฝะพะฒะปัะฝ
2025/05/18 15:16:57 โฑ๏ธ ะะฐะณััะทะบะฐ ะทะฐะฒะตััะตะฝะฐ ะทะฐ 9.077566421s
2025/05/18 15:16:57 ๐ฆ LIVE ะธะท Redis
2025/05/18 15:16:57 ๐ฆ PREMATCH ะธะท Redis
2025/05/18 15:16:57 ๐ ะะธะดั ัะฟะพััะฐ ะธะท LIVE: []
2025/05/18 15:16:57 ๐พ PREMATCH ะบัั ะพะฑะฝะพะฒะปัะฝ
2025/05/18 15:16:57 โฑ๏ธ ะะฐะณััะทะบะฐ ะทะฐะฒะตััะตะฝะฐ ะทะฐ 214.953ยตs
2025/05/18 15:17:01 ๐ฆ LIVE ะธะท Redis
2025/05/18 15:17:01 ๐ฆ PREMATCH ะธะท Redis
2025/05/18 15:17:01 ๐ ะะธะดั ัะฟะพััะฐ ะธะท LIVE: []
2025/05/18 15:17:01 ๐พ PREMATCH ะบัั ะพะฑะฝะพะฒะปัะฝ
2025/05/18 15:17:01 โฑ๏ธ ะะฐะณััะทะบะฐ ะทะฐะฒะตััะตะฝะฐ ะทะฐ 236.944ยตs
2025/05/18 15:17:03 ๐ฆ LIVE ะธะท Redis
2025/05/18 15:17:03 ๐ฆ PREMATCH ะธะท Redis
2025/05/18 15:17:03 ๐ ะะธะดั ัะฟะพััะฐ ะธะท LIVE: []
2025/05/18 15:17:03 ๐พ PREMATCH ะบัั ะพะฑะฝะพะฒะปัะฝ
2025/05/18 15:17:03 โฑ๏ธ ะะฐะณััะทะบะฐ ะทะฐะฒะตััะตะฝะฐ ะทะฐ 297.234ยตs
2025/05/18 15:17:34 ๐ฆ PREMATCH ะธะท Redis
2025/05/18 15:17:40 ๐พ LIVE ะบัั ะพะฑะฝะพะฒะปัะฝ
2025/05/18 15:17:40 ๐ ะะธะดั ัะฟะพััะฐ ะธะท LIVE: [ะคััะฑะพะป ะะธะฑะตััะฟะพัั]
2025/05/18 15:17:42 ๐พ PREMATCH ะบัั ะพะฑะฝะพะฒะปัะฝ
2025/05/18 15:17:42 โฑ๏ธ ะะฐะณััะทะบะฐ ะทะฐะฒะตััะตะฝะฐ ะทะฐ 8.58978423s
2025/05/18 15:17:57 ๐ฆ PREMATCH ะธะท Redis
2025/05/18 15:18:00 ๐ฆ PREMATCH ะธะท Redis
2025/05/18 15:18:03 ๐พ LIVE ะบัั ะพะฑะฝะพะฒะปัะฝ
2025/05/18 15:18:03 ๐ ะะธะดั ัะฟะพััะฐ ะธะท LIVE: [ะคััะฑะพะป ะะธะฑะตััะฟะพัั]
2025/05/18 15:18:06 ๐พ PREMATCH ะบัั ะพะฑะฝะพะฒะปัะฝ
2025/05/18 15:18:06 โฑ๏ธ ะะฐะณััะทะบะฐ ะทะฐะฒะตััะตะฝะฐ ะทะฐ 8.446908583s
2025/05/18 15:18:06 ๐ฆ LIVE ะธะท Redis
2025/05/18 15:18:06 ๐ฆ PREMATCH ะธะท Redis
2025/05/18 15:18:06 ๐ ะะธะดั ัะฟะพััะฐ ะธะท LIVE: []
2025/05/18 15:18:06 ๐พ PREMATCH ะบัั ะพะฑะฝะพะฒะปัะฝ
2025/05/18 15:18:06 โฑ๏ธ ะะฐะณััะทะบะฐ ะทะฐะฒะตััะตะฝะฐ ะทะฐ 740.868ยตs
2025/05/18 15:18:06 ๐พ LIVE ะบัั ะพะฑะฝะพะฒะปัะฝ
2025/05/18 15:18:06 ๐ ะะธะดั ัะฟะพััะฐ ะธะท LIVE: [ะคััะฑะพะป ะะธะฑะตััะฟะพัั]
2025/05/18 15:18:08 ๐พ PREMATCH ะบัั ะพะฑะฝะพะฒะปัะฝ
2025/05/18 15:18:08 โฑ๏ธ ะะฐะณััะทะบะฐ ะทะฐะฒะตััะตะฝะฐ ะทะฐ 8.342161688s
2025/05/18 15:18:08 ๐ฆ LIVE ะธะท Redis
2025/05/18 15:18:08 ๐ฆ PREMATCH ะธะท Redis
2025/05/18 15:18:08 ๐ ะะธะดั ัะฟะพััะฐ ะธะท LIVE: []
2025/05/18 15:18:08 ๐พ PREMATCH ะบัั ะพะฑะฝะพะฒะปัะฝ
2025/05/18 15:18:08 โฑ๏ธ ะะฐะณััะทะบะฐ ะทะฐะฒะตััะตะฝะฐ ะทะฐ 761.867ยตs
2025/05/18 15:18:33 ๐ฆ PREMATCH ะธะท Redis
2025/05/18 15:18:39 ๐พ LIVE ะบัั ะพะฑะฝะพะฒะปัะฝ
2025/05/18 15:18:39 ๐ ะะธะดั ัะฟะพััะฐ ะธะท LIVE: [ะคััะฑะพะป ะะธะฑะตััะฟะพัั]
2025/05/18 15:18:42 ๐พ PREMATCH ะบัั ะพะฑะฝะพะฒะปัะฝ
2025/05/18 15:18:42 โฑ๏ธ ะะฐะณััะทะบะฐ ะทะฐะฒะตััะตะฝะฐ ะทะฐ 9.021587372s
2025/05/18 15:19:01 ๐ฆ PREMATCH ะธะท Redis
2025/05/18 15:19:10 ๐พ LIVE ะบัั ะพะฑะฝะพะฒะปัะฝ
2025/05/18 15:19:10 ๐ ะะธะดั ัะฟะพััะฐ ะธะท LIVE: [ะะธะฑะตััะฟะพัั ะคััะฑะพะป]
2025/05/18 15:19:12 ๐พ PREMATCH ะบัั ะพะฑะฝะพะฒะปัะฝ
2025/05/18 15:19:12 โฑ๏ธ ะะฐะณััะทะบะฐ ะทะฐะฒะตััะตะฝะฐ ะทะฐ 8.863642649s
2025/05/18 15:19:31 ๐ฆ PREMATCH ะธะท Redis
2025/05/18 15:19:37 ๐พ LIVE ะบัั ะพะฑะฝะพะฒะปัะฝ
2025/05/18 15:19:37 ๐ ะะธะดั ัะฟะพััะฐ ะธะท LIVE: [ะคััะฑะพะป ะะธะฑะตััะฟะพัั]
2025/05/18 15:19:43 ๐พ PREMATCH ะบัั ะพะฑะฝะพะฒะปัะฝ
2025/05/18 15:19:43 โฑ๏ธ ะะฐะณััะทะบะฐ ะทะฐะฒะตััะตะฝะฐ ะทะฐ 9.003757255s
2025/05/18 15:20:02 ๐ฆ PREMATCH ะธะท Redis
2025/05/18 15:20:08 ๐พ LIVE ะบัั ะพะฑะฝะพะฒะปัะฝ
2025/05/18 15:20:08 ๐ ะะธะดั ัะฟะพััะฐ ะธะท LIVE: [ะคััะฑะพะป ะะธะฑะตััะฟะพัั]
2025/05/18 15:20:10 ๐พ PREMATCH ะบัั ะพะฑะฝะพะฒะปัะฝ
2025/05/18 15:20:10 โฑ๏ธ ะะฐะณััะทะบะฐ ะทะฐะฒะตััะตะฝะฐ ะทะฐ 8.387803648s
2025/05/18 15:20:32 ๐ฆ PREMATCH ะธะท Redis
2025/05/18 15:20:38 ๐พ LIVE ะบัั ะพะฑะฝะพะฒะปัะฝ
2025/05/18 15:20:38 ๐ ะะธะดั ัะฟะพััะฐ ะธะท LIVE: [ะะธะฑะตััะฟะพัั ะคััะฑะพะป]
2025/05/18 15:20:41 ๐พ PREMATCH ะบัั ะพะฑะฝะพะฒะปัะฝ
2025/05/18 15:20:41 โฑ๏ธ ะะฐะณััะทะบะฐ ะทะฐะฒะตััะตะฝะฐ ะทะฐ 8.507783382s
2025/05/18 15:21:02 ๐ฆ PREMATCH ะธะท Redis
2025/05/18 15:21:07 ๐พ LIVE ะบัั ะพะฑะฝะพะฒะปัะฝ
2025/05/18 15:21:07 ๐ ะะธะดั ัะฟะพััะฐ ะธะท LIVE: [ะคััะฑะพะป ะะธะฑะตััะฟะพัั]
2025/05/18 15:21:09 ๐พ PREMATCH ะบัั ะพะฑะฝะพะฒะปัะฝ
2025/05/18 15:21:09 โฑ๏ธ ะะฐะณััะทะบะฐ ะทะฐะฒะตััะตะฝะฐ ะทะฐ 6.246808295s
2025/05/18 15:22:21 ๐พ LIVE ะบัั ะพะฑะฝะพะฒะปัะฝ
2025/05/18 15:22:21 ๐ ะะธะดั ัะฟะพััะฐ ะธะท LIVE: [ะคััะฑะพะป ะะธะฑะตััะฟะพัั]
2025/05/18 15:22:21 ๐พ PREMATCH ะบัั ะพะฑะฝะพะฒะปัะฝ
2025/05/18 15:22:21 โฑ๏ธ ะะฐะณััะทะบะฐ ะทะฐะฒะตััะตะฝะฐ ะทะฐ 6.347408032s
2025/05/18 15:23:16 ๐ฆ PREMATCH ะธะท Redis
2025/05/18 15:23:20 ๐พ LIVE ะบัั ะพะฑะฝะพะฒะปัะฝ
2025/05/18 15:23:20 ๐ ะะธะดั ัะฟะพััะฐ ะธะท LIVE: [ะคััะฑะพะป ะะธะฑะตััะฟะพัั]
2025/05/18 15:23:20 ๐พ PREMATCH ะบัั ะพะฑะฝะพะฒะปัะฝ
2025/05/18 15:23:20 โฑ๏ธ ะะฐะณััะทะบะฐ ะทะฐะฒะตััะตะฝะฐ ะทะฐ 3.860957994s
2025/05/18 15:25:19 ๐ ะกะตัะฒะตั ะทะฐะฟััะตะฝ ะฝะฐ http://localhost:8080
2025/05/18 15:25:34 ๐พ LIVE ะบัั ะพะฑะฝะพะฒะปัะฝ
2025/05/18 15:25:34 ๐ฅ ะะฐะณััะถะตะฝะพ 1258 prematch ะผะฐััะตะน ะธะท ัะฐะนะปะฐ
2025/05/18 15:25:34 ๐พ PREMATCH ะบัั ะพะฑะฝะพะฒะปัะฝ
2025/05/18 15:25:34 โฑ๏ธ ะัะตะผั ะทะฐะณััะทะบะธ ะฒัะตั ะผะฐััะตะน: 6.741147784s
2025/05/18 15:25:34 ๐ฆ LIVE ะธะท Redis
2025/05/18 15:25:34 ๐ฆ PREMATCH ะธะท Redis
2025/05/18 15:25:34 โ ะัะต ะผะฐััะธ ะฒะทััั ะธะท ะบััะฐ
2025/05/18 15:25:34 ๐พ LIVE ะบัั ะพะฑะฝะพะฒะปัะฝ
2025/05/18 15:25:34 ๐ฅ ะะฐะณััะถะตะฝะพ 1258 prematch ะผะฐััะตะน ะธะท ัะฐะนะปะฐ
2025/05/18 15:25:34 ๐พ PREMATCH ะบัั ะพะฑะฝะพะฒะปัะฝ
2025/05/18 15:25:34 โฑ๏ธ ะัะตะผั ะทะฐะณััะทะบะธ ะฒัะตั ะผะฐััะตะน: 6.874697569s
2025/05/18 15:25:34 ๐ฆ LIVE ะธะท Redis
2025/05/18 15:25:34 ๐ฆ PREMATCH ะธะท Redis
2025/05/18 15:25:34 โ ะัะต ะผะฐััะธ ะฒะทััั ะธะท ะบััะฐ
2025/05/18 15:25:48 ๐ฆ LIVE ะธะท Redis
2025/05/18 15:25:48 ๐ฆ PREMATCH ะธะท Redis
2025/05/18 15:25:48 โ ะัะต ะผะฐััะธ ะฒะทััั ะธะท ะบััะฐ
2025/05/18 15:25:49 ๐ฆ LIVE ะธะท Redis
2025/05/18 15:25:49 ๐ฆ PREMATCH ะธะท Redis
2025/05/18 15:25:49 โ ะัะต ะผะฐััะธ ะฒะทััั ะธะท ะบััะฐ
2025/05/18 15:25:51 ๐ฆ PREMATCH ะธะท Redis
2025/05/18 15:25:52 ๐ฆ PREMATCH ะธะท Redis
2025/05/18 15:25:56 ๐พ LIVE ะบัั ะพะฑะฝะพะฒะปัะฝ
2025/05/18 15:25:56 โฑ๏ธ ะัะตะผั ะทะฐะณััะทะบะธ ะฒัะตั ะผะฐััะตะน: 5.50109384s
2025/05/18 15:25:59 ๐พ LIVE ะบัั ะพะฑะฝะพะฒะปัะฝ
2025/05/18 15:25:59 โฑ๏ธ ะัะตะผั ะทะฐะณััะทะบะธ ะฒัะตั ะผะฐััะตะน: 6.753978667s
2025/05/18 15:26:22 ๐ฆ PREMATCH ะธะท Redis
2025/05/18 15:26:24 ๐ฆ PREMATCH ะธะท Redis
2025/05/18 15:26:28 ๐พ LIVE ะบัั ะพะฑะฝะพะฒะปัะฝ
2025/05/18 15:26:28 โฑ๏ธ ะัะตะผั ะทะฐะณััะทะบะธ ะฒัะตั ะผะฐััะตะน: 5.814713218s
2025/05/18 15:26:28 ๐ฆ LIVE ะธะท Redis
2025/05/18 15:26:28 ๐ฆ PREMATCH ะธะท Redis
2025/05/18 15:26:28 โ ะัะต ะผะฐััะธ ะฒะทััั ะธะท ะบััะฐ
2025/05/18 15:26:32 ๐พ LIVE ะบัั ะพะฑะฝะพะฒะปัะฝ
2025/05/18 15:26:32 โฑ๏ธ ะัะตะผั ะทะฐะณััะทะบะธ ะฒัะตั ะผะฐััะตะน: 7.36676824s
2025/05/18 15:27:02 ๐พ LIVE ะบัั ะพะฑะฝะพะฒะปัะฝ
2025/05/18 15:27:02 ๐ฅ ะะฐะณััะถะตะฝะพ 1258 prematch ะผะฐััะตะน ะธะท ัะฐะนะปะฐ
2025/05/18 15:27:02 ๐พ PREMATCH ะบัั ะพะฑะฝะพะฒะปัะฝ
2025/05/18 15:27:02 โฑ๏ธ ะัะตะผั ะทะฐะณััะทะบะธ ะฒัะตั ะผะฐััะตะน: 6.327111301s
2025/05/18 15:27:26 ๐ฆ PREMATCH ะธะท Redis
2025/05/18 15:27:32 ๐พ LIVE ะบัั ะพะฑะฝะพะฒะปัะฝ
2025/05/18 15:27:32 โฑ๏ธ ะัะตะผั ะทะฐะณััะทะบะธ ะฒัะตั ะผะฐััะตะน: 6.313019028s
2025/05/18 15:27:57 ๐ฆ PREMATCH ะธะท Redis
2025/05/18 15:28:03 ๐พ LIVE ะบัั ะพะฑะฝะพะฒะปัะฝ
2025/05/18 15:28:03 โฑ๏ธ ะัะตะผั ะทะฐะณััะทะบะธ ะฒัะตั ะผะฐััะตะน: 6.208764273s
2025/05/18 15:28:33 ๐พ LIVE ะบัั ะพะฑะฝะพะฒะปัะฝ
2025/05/18 15:28:33 ๐ฅ ะะฐะณััะถะตะฝะพ 1258 prematch ะผะฐััะตะน ะธะท ัะฐะนะปะฐ
2025/05/18 15:28:33 ๐พ PREMATCH ะบัั ะพะฑะฝะพะฒะปัะฝ
2025/05/18 15:28:33 โฑ๏ธ ะัะตะผั ะทะฐะณััะทะบะธ ะฒัะตั ะผะฐััะตะน: 5.978660854s
2025/05/18 15:28:57 ๐ฆ PREMATCH ะธะท Redis
2025/05/18 15:29:04 ๐พ LIVE ะบัั ะพะฑะฝะพะฒะปัะฝ
2025/05/18 15:29:04 โฑ๏ธ ะัะตะผั ะทะฐะณััะทะบะธ ะฒัะตั ะผะฐััะตะน: 6.228619233s
2025/05/18 15:29:26 ๐ฆ PREMATCH ะธะท Redis
2025/05/18 15:29:34 ๐พ LIVE ะบัั ะพะฑะฝะพะฒะปัะฝ
2025/05/18 15:29:34 โฑ๏ธ ะัะตะผั ะทะฐะณััะทะบะธ ะฒัะตั ะผะฐััะตะน: 6.558595101s
2025/05/18 15:30:21 ๐พ LIVE ะบัั ะพะฑะฝะพะฒะปัะฝ
2025/05/18 15:30:21 ๐ฅ ะะฐะณััะถะตะฝะพ 1258 prematch ะผะฐััะตะน ะธะท ัะฐะนะปะฐ
2025/05/18 15:30:21 ๐พ PREMATCH ะบัั ะพะฑะฝะพะฒะปัะฝ
2025/05/18 15:30:21 โฑ๏ธ ะัะตะผั ะทะฐะณััะทะบะธ ะฒัะตั ะผะฐััะตะน: 5.529485802s
2025/05/18 15:31:16 ๐ฆ PREMATCH ะธะท Redis
2025/05/18 15:31:20 ๐พ LIVE ะบัั ะพะฑะฝะพะฒะปัะฝ
2025/05/18 15:31:20 โฑ๏ธ ะัะตะผั ะทะฐะณััะทะบะธ ะฒัะตั ะผะฐััะตะน: 3.187443904s
2025/05/18 15:32:06 ๐ ะกะตัะฒะตั ะทะฐะฟััะตะฝ ะฝะฐ http://localhost:8080
2025/05/18 15:32:20 ๐พ LIVE ะบัั ะพะฑะฝะพะฒะปัะฝ
2025/05/18 15:32:20 ๐ฅ ะะฐะณััะถะตะฝะพ 1258 prematch ะผะฐััะตะน
2025/05/18 15:32:20 ๐พ PREMATCH ะบัั ะพะฑะฝะพะฒะปัะฝ
2025/05/18 15:32:20 โฑ๏ธ ะัะตะผั ะทะฐะณััะทะบะธ: 5.224879153s
2025/05/18 15:32:30 ๐ฆ LIVE ะธะท Redis
2025/05/18 15:32:30 ๐ฆ PREMATCH ะธะท Redis
2025/05/18 15:32:30 โ ะัะต ะผะฐััะธ ะธะท ะบััะฐ
2025/05/18 15:32:34 ๐ฆ LIVE ะธะท Redis
2025/05/18 15:32:34 ๐ฆ PREMATCH ะธะท Redis
2025/05/18 15:32:34 โ ะัะต ะผะฐััะธ ะธะท ะบััะฐ
2025/05/18 15:33:11 ๐ฆ PREMATCH ะธะท Redis
2025/05/18 15:33:14 ๐พ LIVE ะบัั ะพะฑะฝะพะฒะปัะฝ
2025/05/18 15:33:14 โฑ๏ธ ะัะตะผั ะทะฐะณััะทะบะธ: 2.642325633s
2025/05/18 15:33:28 ๐ฆ LIVE ะธะท Redis
2025/05/18 15:33:28 ๐ฅ ะะฐะณััะถะตะฝะพ 1258 prematch ะผะฐััะตะน
2025/05/18 15:33:28 ๐พ PREMATCH ะบัั ะพะฑะฝะพะฒะปัะฝ
2025/05/18 15:33:28 โฑ๏ธ ะัะตะผั ะทะฐะณััะทะบะธ: 20.044199ms
2025/05/18 15:33:59 ๐ฆ PREMATCH ะธะท Redis
2025/05/18 15:34:03 ๐พ LIVE ะบัั ะพะฑะฝะพะฒะปัะฝ
2025/05/18 15:34:03 โฑ๏ธ ะัะตะผั ะทะฐะณััะทะบะธ: 3.325278377s
2025/05/18 15:34:34 ๐พ LIVE ะบัั ะพะฑะฝะพะฒะปัะฝ
2025/05/18 15:34:34 ๐ฅ ะะฐะณััะถะตะฝะพ 1258 prematch ะผะฐััะตะน
2025/05/18 15:34:34 ๐พ PREMATCH ะบัั ะพะฑะฝะพะฒะปัะฝ
2025/05/18 15:34:34 โฑ๏ธ ะัะตะผั ะทะฐะณััะทะบะธ: 3.975651381s
2025/05/18 15:35:00 ๐ฆ PREMATCH ะธะท Redis
2025/05/18 15:35:03 ๐พ LIVE ะบัั ะพะฑะฝะพะฒะปัะฝ
2025/05/18 15:35:03 โฑ๏ธ ะัะตะผั ะทะฐะณััะทะบะธ: 3.033570273s
2025/05/18 15:35:30 ๐ฆ PREMATCH ะธะท Redis
2025/05/18 15:35:34 ๐พ LIVE ะบัั ะพะฑะฝะพะฒะปัะฝ
2025/05/18 15:35:34 โฑ๏ธ ะัะตะผั ะทะฐะณััะทะบะธ: 3.520597327s
2025/05/18 15:36:11 ๐พ LIVE ะบัั ะพะฑะฝะพะฒะปัะฝ
2025/05/18 15:36:11 ๐ฅ ะะฐะณััะถะตะฝะพ 1258 prematch ะผะฐััะตะน
2025/05/18 15:36:11 ๐พ PREMATCH ะบัั ะพะฑะฝะพะฒะปัะฝ
2025/05/18 15:36:11 โฑ๏ธ ะัะตะผั ะทะฐะณััะทะบะธ: 3.86976588s
2025/05/18 15:36:30 ๐ฆ PREMATCH ะธะท Redis
2025/05/18 15:36:34 ๐พ LIVE ะบัั ะพะฑะฝะพะฒะปัะฝ
2025/05/18 15:36:34 โฑ๏ธ ะัะตะผั ะทะฐะณััะทะบะธ: 3.982625097s
2025/05/18 15:37:00 ๐ฆ PREMATCH ะธะท Redis
2025/05/18 15:37:04 ๐พ LIVE ะบัั ะพะฑะฝะพะฒะปัะฝ
2025/05/18 15:37:04 โฑ๏ธ ะัะตะผั ะทะฐะณััะทะบะธ: 3.995006931s
2025/05/18 15:37:31 ๐พ LIVE ะบัั ะพะฑะฝะพะฒะปัะฝ
2025/05/18 15:37:31 ๐ฅ ะะฐะณััะถะตะฝะพ 1258 prematch ะผะฐััะตะน
2025/05/18 15:37:31 ๐พ PREMATCH ะบัั ะพะฑะฝะพะฒะปัะฝ
2025/05/18 15:37:31 โฑ๏ธ ะัะตะผั ะทะฐะณััะทะบะธ: 2.649211847s
2025/05/18 15:38:00 ๐ฆ PREMATCH ะธะท Redis
2025/05/18 15:38:02 ๐พ LIVE ะบัั ะพะฑะฝะพะฒะปัะฝ
2025/05/18 15:38:02 โฑ๏ธ ะัะตะผั ะทะฐะณััะทะบะธ: 2.109332161s
2025/05/18 15:38:30 ๐ฆ PREMATCH ะธะท Redis
2025/05/18 15:38:35 ๐พ LIVE ะบัั ะพะฑะฝะพะฒะปัะฝ
2025/05/18 15:38:35 โฑ๏ธ ะัะตะผั ะทะฐะณััะทะบะธ: 5.046142323s
2025/05/18 15:39:05 ๐พ LIVE ะบัั ะพะฑะฝะพะฒะปัะฝ
2025/05/18 15:39:05 ๐ฅ ะะฐะณััะถะตะฝะพ 1258 prematch ะผะฐััะตะน
2025/05/18 15:39:05 ๐พ PREMATCH ะบัั ะพะฑะฝะพะฒะปัะฝ
2025/05/18 15:39:05 โฑ๏ธ ะัะตะผั ะทะฐะณััะทะบะธ: 4.859981526s
2025/05/18 15:40:17 ๐พ LIVE ะบัั ะพะฑะฝะพะฒะปัะฝ
2025/05/18 15:40:17 ๐ฅ ะะฐะณััะถะตะฝะพ 1258 prematch ะผะฐััะตะน
2025/05/18 15:40:17 ๐พ PREMATCH ะบัั ะพะฑะฝะพะฒะปัะฝ
2025/05/18 15:40:17 โฑ๏ธ ะัะตะผั ะทะฐะณััะทะบะธ: 2.203884697s
2025/05/18 15:41:15 ๐ฆ PREMATCH ะธะท Redis
2025/05/18 15:41:17 ๐พ LIVE ะบัั ะพะฑะฝะพะฒะปัะฝ
2025/05/18 15:41:17 โฑ๏ธ ะัะตะผั ะทะฐะณััะทะบะธ: 2.323760988s
2025/05/18 15:42:21 ๐พ LIVE ะบัั ะพะฑะฝะพะฒะปัะฝ
2025/05/18 15:42:21 ๐ฅ ะะฐะณััะถะตะฝะพ 1258 prematch ะผะฐััะตะน
2025/05/18 15:42:21 ๐พ PREMATCH ะบัั ะพะฑะฝะพะฒะปัะฝ
2025/05/18 15:42:21 โฑ๏ธ ะัะตะผั ะทะฐะณััะทะบะธ: 4.387093095s
2025/05/18 15:43:14 ๐ฆ PREMATCH ะธะท Redis
2025/05/18 15:43:20 ๐พ LIVE ะบัั ะพะฑะฝะพะฒะปัะฝ
2025/05/18 15:43:20 โฑ๏ธ ะัะตะผั ะทะฐะณััะทะบะธ: 3.734217841s
2025/05/18 15:44:16 ๐พ LIVE ะบัั ะพะฑะฝะพะฒะปัะฝ
2025/05/18 15:44:16 ๐ฅ ะะฐะณััะถะตะฝะพ 1258 prematch ะผะฐััะตะน
2025/05/18 15:44:16 ๐พ PREMATCH ะบัั ะพะฑะฝะพะฒะปัะฝ
2025/05/18 15:44:16 โฑ๏ธ ะัะตะผั ะทะฐะณััะทะบะธ: 1.088497638s
2025/05/18 15:45:16 ๐ฆ PREMATCH ะธะท Redis
2025/05/18 15:45:18 ๐พ LIVE ะบัั ะพะฑะฝะพะฒะปัะฝ
2025/05/18 15:45:18 โฑ๏ธ ะัะตะผั ะทะฐะณััะทะบะธ: 2.256085293s
2025/05/18 15:46:20 ๐พ LIVE ะบัั ะพะฑะฝะพะฒะปัะฝ
2025/05/18 15:46:20 ๐ฅ ะะฐะณััะถะตะฝะพ 1258 prematch ะผะฐััะตะน
2025/05/18 15:46:20 ๐พ PREMATCH ะบัั ะพะฑะฝะพะฒะปัะฝ
2025/05/18 15:46:20 โฑ๏ธ ะัะตะผั ะทะฐะณััะทะบะธ: 4.107754473s
2025/05/18 15:47:14 ๐ฆ PREMATCH ะธะท Redis
2025/05/18 15:47:16 ๐พ LIVE ะบัั ะพะฑะฝะพะฒะปัะฝ
2025/05/18 15:47:16 โฑ๏ธ ะัะตะผั ะทะฐะณััะทะบะธ: 1.468198058s
2025/05/18 15:48:18 ๐พ LIVE ะบัั ะพะฑะฝะพะฒะปัะฝ
2025/05/18 15:48:18 ๐ฅ ะะฐะณััะถะตะฝะพ 1258 prematch ะผะฐััะตะน
2025/05/18 15:48:18 ๐พ PREMATCH ะบัั ะพะฑะฝะพะฒะปัะฝ
2025/05/18 15:48:18 โฑ๏ธ ะัะตะผั ะทะฐะณััะทะบะธ: 2.501470513s
2025/05/18 15:49:16 ๐ฆ PREMATCH ะธะท Redis
2025/05/18 15:49:18 ๐พ LIVE ะบัั ะพะฑะฝะพะฒะปัะฝ
2025/05/18 15:49:18 โฑ๏ธ ะัะตะผั ะทะฐะณััะทะบะธ: 2.202773646s
2025/05/18 15:50:19 ๐พ LIVE ะบัั ะพะฑะฝะพะฒะปัะฝ
2025/05/18 15:50:19 ๐ฅ ะะฐะณััะถะตะฝะพ 1258 prematch ะผะฐััะตะน
2025/05/18 15:50:19 ๐พ PREMATCH ะบัั ะพะฑะฝะพะฒะปัะฝ
2025/05/18 15:50:19 โฑ๏ธ ะัะตะผั ะทะฐะณััะทะบะธ: 2.399666667s
2025/05/18 15:51:15 ๐ฆ PREMATCH ะธะท Redis
2025/05/18 15:51:16 ๐พ LIVE ะบัั ะพะฑะฝะพะฒะปัะฝ
2025/05/18 15:51:16 โฑ๏ธ ะัะตะผั ะทะฐะณััะทะบะธ: 1.605510704s
2025/05/18 15:52:18 ๐พ LIVE ะบัั ะพะฑะฝะพะฒะปัะฝ
2025/05/18 15:52:18 ๐ฅ ะะฐะณััะถะตะฝะพ 1258 prematch ะผะฐััะตะน
2025/05/18 15:52:18 ๐พ PREMATCH ะบัั ะพะฑะฝะพะฒะปัะฝ
2025/05/18 15:52:18 โฑ๏ธ ะัะตะผั ะทะฐะณััะทะบะธ: 3.613592364s
2025/05/18 15:53:16 ๐ฆ PREMATCH ะธะท Redis
2025/05/18 15:53:19 ๐พ LIVE ะบัั ะพะฑะฝะพะฒะปัะฝ
2025/05/18 15:53:19 โฑ๏ธ ะัะตะผั ะทะฐะณััะทะบะธ: 2.975300706s
2025/05/18 15:54:18 ๐พ LIVE ะบัั ะพะฑะฝะพะฒะปัะฝ
2025/05/18 15:54:18 ๐ฅ ะะฐะณััะถะตะฝะพ 1258 prematch ะผะฐััะตะน
2025/05/18 15:54:18 ๐พ PREMATCH ะบัั ะพะฑะฝะพะฒะปัะฝ
2025/05/18 15:54:18 โฑ๏ธ ะัะตะผั ะทะฐะณััะทะบะธ: 1.556493797s
2025/05/18 15:55:15 ๐ฆ PREMATCH ะธะท Redis
2025/05/18 15:55:16 ๐พ LIVE ะบัั ะพะฑะฝะพะฒะปัะฝ
2025/05/18 15:55:16 โฑ๏ธ ะัะตะผั ะทะฐะณััะทะบะธ: 1.709219608s
2025/05/18 15:56:16 ๐พ LIVE ะบัั ะพะฑะฝะพะฒะปัะฝ
2025/05/18 15:56:16 ๐ฅ ะะฐะณััะถะตะฝะพ 1258 prematch ะผะฐััะตะน
2025/05/18 15:56:16 ๐พ PREMATCH ะบัั ะพะฑะฝะพะฒะปัะฝ
2025/05/18 15:56:16 โฑ๏ธ ะัะตะผั ะทะฐะณััะทะบะธ: 1.347778365s
2025/05/18 15:57:15 ๐ฆ PREMATCH ะธะท Redis
2025/05/18 15:57:16 ๐พ LIVE ะบัั ะพะฑะฝะพะฒะปัะฝ
2025/05/18 15:57:16 โฑ๏ธ ะัะตะผั ะทะฐะณััะทะบะธ: 993.478334ms
2025/05/18 15:58:17 ๐พ LIVE ะบัั ะพะฑะฝะพะฒะปัะฝ
2025/05/18 15:58:17 ๐ฅ ะะฐะณััะถะตะฝะพ 1258 prematch ะผะฐััะตะน
2025/05/18 15:58:17 ๐พ PREMATCH ะบัั ะพะฑะฝะพะฒะปัะฝ
2025/05/18 15:58:17 โฑ๏ธ ะัะตะผั ะทะฐะณััะทะบะธ: 807.374553ms
2025/05/18 15:59:14 ๐ฆ PREMATCH ะธะท Redis
2025/05/18 15:59:15 ๐พ LIVE ะบัั ะพะฑะฝะพะฒะปัะฝ
2025/05/18 15:59:15 โฑ๏ธ ะัะตะผั ะทะฐะณััะทะบะธ: 862.078794ms
2025/05/18 16:00:16 ๐พ LIVE ะบัั ะพะฑะฝะพะฒะปัะฝ
2025/05/18 16:00:16 ๐ฅ ะะฐะณััะถะตะฝะพ 1258 prematch ะผะฐััะตะน
2025/05/18 16:00:16 ๐พ PREMATCH ะบัั ะพะฑะฝะพะฒะปัะฝ
2025/05/18 16:00:16 โฑ๏ธ ะัะตะผั ะทะฐะณััะทะบะธ: 1.316878861s
2025/05/18 16:01:16 ๐ฆ PREMATCH ะธะท Redis
2025/05/18 16:01:17 ๐พ LIVE ะบัั ะพะฑะฝะพะฒะปัะฝ
2025/05/18 16:01:17 โฑ๏ธ ะัะตะผั ะทะฐะณััะทะบะธ: 1.818210258s
2025/05/18 16:02:17 ๐พ LIVE ะบัั ะพะฑะฝะพะฒะปัะฝ
2025/05/18 16:02:17 ๐ฅ ะะฐะณััะถะตะฝะพ 1258 prematch ะผะฐััะตะน
2025/05/18 16:02:17 ๐พ PREMATCH ะบัั ะพะฑะฝะพะฒะปัะฝ
2025/05/18 16:02:17 โฑ๏ธ ะัะตะผั ะทะฐะณััะทะบะธ: 1.168812166s
2025/05/18 16:03:15 ๐ฆ PREMATCH ะธะท Redis
2025/05/18 16:03:16 ๐พ LIVE ะบัั ะพะฑะฝะพะฒะปัะฝ
2025/05/18 16:03:16 โฑ๏ธ ะัะตะผั ะทะฐะณััะทะบะธ: 1.089387427s
2025/05/18 16:04:25 ๐พ LIVE ะบัั ะพะฑะฝะพะฒะปัะฝ
2025/05/18 16:04:25 ๐ฅ ะะฐะณััะถะตะฝะพ 1258 prematch ะผะฐััะตะน
2025/05/18 16:04:25 ๐พ PREMATCH ะบัั ะพะฑะฝะพะฒะปัะฝ
2025/05/18 16:04:25 โฑ๏ธ ะัะตะผั ะทะฐะณััะทะบะธ: 10.212723968s
2025/05/18 16:05:16 ๐ฆ PREMATCH ะธะท Redis
2025/05/18 16:05:17 ๐พ LIVE ะบัั ะพะฑะฝะพะฒะปัะฝ
2025/05/18 16:05:17 โฑ๏ธ ะัะตะผั ะทะฐะณััะทะบะธ: 1.489006165s
2025/05/18 16:06:17 ๐พ LIVE ะบัั ะพะฑะฝะพะฒะปัะฝ
2025/05/18 16:06:17 ๐ฅ ะะฐะณััะถะตะฝะพ 1258 prematch ะผะฐััะตะน
2025/05/18 16:06:17 ๐พ PREMATCH ะบัั ะพะฑะฝะพะฒะปัะฝ
2025/05/18 16:06:17 โฑ๏ธ ะัะตะผั ะทะฐะณััะทะบะธ: 869.35652ms
2025/05/18 16:07:15 ๐ฆ PREMATCH ะธะท Redis
2025/05/18 16:07:18 ๐พ LIVE ะบัั ะพะฑะฝะพะฒะปัะฝ
2025/05/18 16:07:18 โฑ๏ธ ะัะตะผั ะทะฐะณััะทะบะธ: 3.229826875s
2025/05/18 16:08:18 ๐พ LIVE ะบัั ะพะฑะฝะพะฒะปัะฝ
2025/05/18 16:08:18 ๐ฅ ะะฐะณััะถะตะฝะพ 1258 prematch ะผะฐััะตะน
2025/05/18 16:08:18 ๐พ PREMATCH ะบัั ะพะฑะฝะพะฒะปัะฝ
2025/05/18 16:08:18 โฑ๏ธ ะัะตะผั ะทะฐะณััะทะบะธ: 2.275767065s
2025/05/18 16:09:16 ๐ฆ PREMATCH ะธะท Redis
2025/05/18 16:09:17 ๐พ LIVE ะบัั ะพะฑะฝะพะฒะปัะฝ
2025/05/18 16:09:17 โฑ๏ธ ะัะตะผั ะทะฐะณััะทะบะธ: 1.323770481s
2025/05/18 16:10:19 ๐พ LIVE ะบัั ะพะฑะฝะพะฒะปัะฝ
2025/05/18 16:10:19 ๐ฅ ะะฐะณััะถะตะฝะพ 1258 prematch ะผะฐััะตะน
2025/05/18 16:10:19 ๐พ PREMATCH ะบัั ะพะฑะฝะพะฒะปัะฝ
2025/05/18 16:10:19 โฑ๏ธ ะัะตะผั ะทะฐะณััะทะบะธ: 2.962538081s
2025/05/18 16:11:15 ๐ฆ PREMATCH ะธะท Redis
2025/05/18 16:11:18 ๐พ LIVE ะบัั ะพะฑะฝะพะฒะปัะฝ
2025/05/18 16:11:18 โฑ๏ธ ะัะตะผั ะทะฐะณััะทะบะธ: 3.378678343s
2025/05/18 16:12:20 ๐พ LIVE ะบัั ะพะฑะฝะพะฒะปัะฝ
2025/05/18 16:12:20 ๐ฅ ะะฐะณััะถะตะฝะพ 1258 prematch ะผะฐััะตะน
2025/05/18 16:12:20 ๐พ PREMATCH ะบัั ะพะฑะฝะพะฒะปัะฝ
2025/05/18 16:12:20 โฑ๏ธ ะัะตะผั ะทะฐะณััะทะบะธ: 4.04877764s
2025/05/18 16:13:15 ๐ฆ PREMATCH ะธะท Redis
2025/05/18 16:13:17 ๐พ LIVE ะบัั ะพะฑะฝะพะฒะปัะฝ
2025/05/18 16:13:17 โฑ๏ธ ะัะตะผั ะทะฐะณััะทะบะธ: 2.742128625s
2025/05/18 16:14:18 ๐พ LIVE ะบัั ะพะฑะฝะพะฒะปัะฝ
2025/05/18 16:14:18 ๐ฅ ะะฐะณััะถะตะฝะพ 1258 prematch ะผะฐััะตะน
2025/05/18 16:14:18 ๐พ PREMATCH ะบัั ะพะฑะฝะพะฒะปัะฝ
2025/05/18 16:14:18 โฑ๏ธ ะัะตะผั ะทะฐะณััะทะบะธ: 2.534834573s
2025/05/18 16:15:16 ๐ฆ PREMATCH ะธะท Redis
2025/05/18 16:15:19 ๐พ LIVE ะบัั ะพะฑะฝะพะฒะปัะฝ
2025/05/18 16:15:19 โฑ๏ธ ะัะตะผั ะทะฐะณััะทะบะธ: 2.721805539s
2025/05/18 16:45:24 ๐พ LIVE ะบัั ะพะฑะฝะพะฒะปัะฝ
2025/05/18 16:45:24 ๐ฅ ะะฐะณััะถะตะฝะพ 1258 prematch ะผะฐััะตะน
2025/05/18 16:45:24 ๐พ PREMATCH ะบัั ะพะฑะฝะพะฒะปัะฝ
2025/05/18 16:45:24 โฑ๏ธ ะัะตะผั ะทะฐะณััะทะบะธ: 4.652976485s
2025/05/18 16:46:16 ๐ฆ PREMATCH ะธะท Redis
2025/05/18 16:46:22 ๐พ LIVE ะบัั ะพะฑะฝะพะฒะปัะฝ
2025/05/18 16:46:22 โฑ๏ธ ะัะตะผั ะทะฐะณััะทะบะธ: 6.367966377s
2025/05/18 16:47:23 ๐พ LIVE ะบัั ะพะฑะฝะพะฒะปัะฝ
2025/05/18 16:47:23 ๐ฅ ะะฐะณััะถะตะฝะพ 1258 prematch ะผะฐััะตะน
2025/05/18 16:47:23 ๐พ PREMATCH ะบัั ะพะฑะฝะพะฒะปัะฝ
2025/05/18 16:47:23 โฑ๏ธ ะัะตะผั ะทะฐะณััะทะบะธ: 6.708724681s
2025/05/18 16:48:15 ๐ฆ PREMATCH ะธะท Redis
2025/05/18 16:48:20 ๐พ LIVE ะบัั ะพะฑะฝะพะฒะปัะฝ
2025/05/18 16:48:20 โฑ๏ธ ะัะตะผั ะทะฐะณััะทะบะธ: 5.238829082s
2025/05/18 16:49:21 ๐พ LIVE ะบัั ะพะฑะฝะพะฒะปัะฝ
2025/05/18 16:49:21 ๐ฅ ะะฐะณััะถะตะฝะพ 1258 prematch ะผะฐััะตะน
2025/05/18 16:49:21 ๐พ PREMATCH ะบัั ะพะฑะฝะพะฒะปัะฝ
2025/05/18 16:49:21 โฑ๏ธ ะัะตะผั ะทะฐะณััะทะบะธ: 5.275340638s
2025/05/18 16:50:16 ๐ฆ PREMATCH ะธะท Redis
2025/05/18 16:50:18 ๐พ LIVE ะบัั ะพะฑะฝะพะฒะปัะฝ
2025/05/18 16:50:18 โฑ๏ธ ะัะตะผั ะทะฐะณััะทะบะธ: 1.568894368s
2025/05/18 16:51:19 ๐พ LIVE ะบัั ะพะฑะฝะพะฒะปัะฝ
2025/05/18 16:51:19 ๐ฅ ะะฐะณััะถะตะฝะพ 1258 prematch ะผะฐััะตะน
2025/05/18 16:51:19 ๐พ PREMATCH ะบัั ะพะฑะฝะพะฒะปัะฝ
2025/05/18 16:51:19 โฑ๏ธ ะัะตะผั ะทะฐะณััะทะบะธ: 1.826351077s
2025/05/18 16:52:15 ๐ฆ PREMATCH ะธะท Redis
2025/05/18 16:52:20 ๐พ LIVE ะบัั ะพะฑะฝะพะฒะปัะฝ
2025/05/18 16:52:20 โฑ๏ธ ะัะตะผั ะทะฐะณััะทะบะธ: 4.412914383s
2025/05/18 16:53:18 ๐พ LIVE ะบัั ะพะฑะฝะพะฒะปัะฝ
2025/05/18 16:53:18 ๐ฅ ะะฐะณััะถะตะฝะพ 1258 prematch ะผะฐััะตะน
2025/05/18 16:53:18 ๐พ PREMATCH ะบัั ะพะฑะฝะพะฒะปัะฝ
2025/05/18 16:53:18 โฑ๏ธ ะัะตะผั ะทะฐะณััะทะบะธ: 2.188802027s
2025/05/18 16:54:17 ๐ฆ PREMATCH ะธะท Redis
2025/05/18 16:54:19 ๐พ LIVE ะบัั ะพะฑะฝะพะฒะปัะฝ
2025/05/18 16:54:19 โฑ๏ธ ะัะตะผั ะทะฐะณััะทะบะธ: 2.638496595s
2025/05/18 16:55:15 ๐พ LIVE ะบัั ะพะฑะฝะพะฒะปัะฝ
2025/05/18 16:55:15 ๐ฅ ะะฐะณััะถะตะฝะพ 1258 prematch ะผะฐััะตะน
2025/05/18 16:55:15 ๐พ PREMATCH ะบัั ะพะฑะฝะพะฒะปัะฝ
2025/05/18 16:55:15 โฑ๏ธ ะัะตะผั ะทะฐะณััะทะบะธ: 821.10845ms
2025/05/18 16:56:15 ๐ฆ PREMATCH ะธะท Redis
2025/05/18 16:56:17 ๐พ LIVE ะบัั ะพะฑะฝะพะฒะปัะฝ
2025/05/18 16:56:17 โฑ๏ธ ะัะตะผั ะทะฐะณััะทะบะธ: 1.286219961s
2025/05/18 16:57:17 ๐พ LIVE ะบัั ะพะฑะฝะพะฒะปัะฝ
2025/05/18 16:57:17 ๐ฅ ะะฐะณััะถะตะฝะพ 1258 prematch ะผะฐััะตะน
2025/05/18 16:57:17 ๐พ PREMATCH ะบัั ะพะฑะฝะพะฒะปัะฝ
2025/05/18 16:57:17 โฑ๏ธ ะัะตะผั ะทะฐะณััะทะบะธ: 964.070482ms
2025/05/18 16:58:17 ๐ฆ PREMATCH ะธะท Redis
2025/05/18 16:58:18 ๐พ LIVE ะบัั ะพะฑะฝะพะฒะปัะฝ
2025/05/18 16:58:18 โฑ๏ธ ะัะตะผั ะทะฐะณััะทะบะธ: 870.679767ms
2025/05/18 16:59:16 ๐พ LIVE ะบัั ะพะฑะฝะพะฒะปัะฝ
2025/05/18 16:59:16 ๐ฅ ะะฐะณััะถะตะฝะพ 1258 prematch ะผะฐััะตะน
2025/05/18 16:59:16 ๐พ PREMATCH ะบัั ะพะฑะฝะพะฒะปัะฝ
2025/05/18 16:59:16 โฑ๏ธ ะัะตะผั ะทะฐะณััะทะบะธ: 1.033650598s
2025/05/18 17:00:16 ๐ฆ PREMATCH ะธะท Redis
2025/05/18 17:00:19 ๐พ LIVE ะบัั ะพะฑะฝะพะฒะปัะฝ
2025/05/18 17:00:19 โฑ๏ธ ะัะตะผั ะทะฐะณััะทะบะธ: 3.72442528s
2025/05/18 17:01:18 ๐พ LIVE ะบัั ะพะฑะฝะพะฒะปัะฝ
2025/05/18 17:01:18 ๐ฅ ะะฐะณััะถะตะฝะพ 1258 prematch ะผะฐััะตะน
2025/05/18 17:01:18 ๐พ PREMATCH ะบัั ะพะฑะฝะพะฒะปัะฝ
2025/05/18 17:01:18 โฑ๏ธ ะัะตะผั ะทะฐะณััะทะบะธ: 1.822001738s
2025/05/18 17:02:14 ๐ฆ PREMATCH ะธะท Redis
2025/05/18 17:02:16 ๐พ LIVE ะบัั ะพะฑะฝะพะฒะปัะฝ
2025/05/18 17:02:16 โฑ๏ธ ะัะตะผั ะทะฐะณััะทะบะธ: 1.143178941s
2025/05/18 17:03:17 ๐พ LIVE ะบัั ะพะฑะฝะพะฒะปัะฝ
2025/05/18 17:03:17 ๐ฅ ะะฐะณััะถะตะฝะพ 1258 prematch ะผะฐััะตะน
2025/05/18 17:03:17 ๐พ PREMATCH ะบัั ะพะฑะฝะพะฒะปัะฝ
2025/05/18 17:03:17 โฑ๏ธ ะัะตะผั ะทะฐะณััะทะบะธ: 1.868090758s
2025/05/18 17:04:16 ๐ฆ PREMATCH ะธะท Redis
2025/05/18 17:04:18 ๐พ LIVE ะบัั ะพะฑะฝะพะฒะปัะฝ
2025/05/18 17:04:18 โฑ๏ธ ะัะตะผั ะทะฐะณััะทะบะธ: 2.079857131s
2025/05/18 17:05:18 ๐พ LIVE ะบัั ะพะฑะฝะพะฒะปัะฝ
2025/05/18 17:05:18 ๐ฅ ะะฐะณััะถะตะฝะพ 1258 prematch ะผะฐััะตะน
2025/05/18 17:05:18 ๐พ PREMATCH ะบัั ะพะฑะฝะพะฒะปัะฝ
2025/05/18 17:05:18 โฑ๏ธ ะัะตะผั ะทะฐะณััะทะบะธ: 1.365523462s
2025/05/18 17:06:15 ๐ฆ PREMATCH ะธะท Redis
2025/05/18 17:06:16 ๐พ LIVE ะบัั ะพะฑะฝะพะฒะปัะฝ
2025/05/18 17:06:16 โฑ๏ธ ะัะตะผั ะทะฐะณััะทะบะธ: 1.223005959s
2025/05/18 17:07:18 ๐พ LIVE ะบัั ะพะฑะฝะพะฒะปัะฝ
2025/05/18 17:07:18 ๐ฅ ะะฐะณััะถะตะฝะพ 1258 prematch ะผะฐััะตะน
2025/05/18 17:07:18 ๐พ PREMATCH ะบัั ะพะฑะฝะพะฒะปัะฝ
2025/05/18 17:07:18 โฑ๏ธ ะัะตะผั ะทะฐะณััะทะบะธ: 1.863998579s
2025/05/18 17:08:17 ๐ฆ PREMATCH ะธะท Redis
2025/05/18 17:08:18 ๐พ LIVE ะบัั ะพะฑะฝะพะฒะปัะฝ
2025/05/18 17:08:18 โฑ๏ธ ะัะตะผั ะทะฐะณััะทะบะธ: 1.349465404s
2025/05/18 17:09:16 ๐พ LIVE ะบัั ะพะฑะฝะพะฒะปัะฝ
2025/05/18 17:09:16 ๐ฅ ะะฐะณััะถะตะฝะพ 1258 prematch ะผะฐััะตะน
2025/05/18 17:09:16 ๐พ PREMATCH ะบัั ะพะฑะฝะพะฒะปัะฝ
2025/05/18 17:09:16 โฑ๏ธ ะัะตะผั ะทะฐะณััะทะบะธ: 1.836031589s
2025/05/18 17:10:16 ๐ฆ PREMATCH ะธะท Redis
2025/05/18 17:10:18 ๐พ LIVE ะบัั ะพะฑะฝะพะฒะปัะฝ
2025/05/18 17:10:18 โฑ๏ธ ะัะตะผั ะทะฐะณััะทะบะธ: 2.228324702s
2025/05/18 17:11:18 ๐พ LIVE ะบัั ะพะฑะฝะพะฒะปัะฝ
2025/05/18 17:11:18 ๐ฅ ะะฐะณััะถะตะฝะพ 1258 prematch ะผะฐััะตะน
2025/05/18 17:11:18 ๐พ PREMATCH ะบัั ะพะฑะฝะพะฒะปัะฝ
2025/05/18 17:11:18 โฑ๏ธ ะัะตะผั ะทะฐะณััะทะบะธ: 1.906543877s
2025/05/18 17:12:17 ๐ฆ PREMATCH ะธะท Redis
2025/05/18 17:12:20 ๐พ LIVE ะบัั ะพะฑะฝะพะฒะปัะฝ
2025/05/18 17:12:20 โฑ๏ธ ะัะตะผั ะทะฐะณััะทะบะธ: 3.399514857s
2025/05/18 17:13:22 ๐พ LIVE ะบัั ะพะฑะฝะพะฒะปัะฝ
2025/05/18 17:13:22 ๐ฅ ะะฐะณััะถะตะฝะพ 1258 prematch ะผะฐััะตะน
2025/05/18 17:13:22 ๐พ PREMATCH ะบัั ะพะฑะฝะพะฒะปัะฝ
2025/05/18 17:13:22 โฑ๏ธ ะัะตะผั ะทะฐะณััะทะบะธ: 4.690583475s
2025/05/18 17:14:15 ๐ฆ PREMATCH ะธะท Redis
2025/05/18 17:14:19 ๐พ LIVE ะบัั ะพะฑะฝะพะฒะปัะฝ
2025/05/18 17:14:19 โฑ๏ธ ะัะตะผั ะทะฐะณััะทะบะธ: 3.783452442s
2025/05/18 17:15:19 ๐พ LIVE ะบัั ะพะฑะฝะพะฒะปัะฝ
2025/05/18 17:15:19 ๐ฅ ะะฐะณััะถะตะฝะพ 1258 prematch ะผะฐััะตะน
2025/05/18 17:15:19 ๐พ PREMATCH ะบัั ะพะฑะฝะพะฒะปัะฝ
2025/05/18 17:15:19 โฑ๏ธ ะัะตะผั ะทะฐะณััะทะบะธ: 2.513048053s
2025/05/18 17:16:17 ๐ฆ PREMATCH ะธะท Redis
2025/05/18 17:16:21 ๐พ LIVE ะบัั ะพะฑะฝะพะฒะปัะฝ
2025/05/18 17:16:21 โฑ๏ธ ะัะตะผั ะทะฐะณััะทะบะธ: 3.933191504s
2025/05/18 17:17:17 ๐พ LIVE ะบัั ะพะฑะฝะพะฒะปัะฝ
2025/05/18 17:17:17 ๐ฅ ะะฐะณััะถะตะฝะพ 1258 prematch ะผะฐััะตะน
2025/05/18 17:17:17 ๐พ PREMATCH ะบัั ะพะฑะฝะพะฒะปัะฝ
2025/05/18 17:17:17 โฑ๏ธ ะัะตะผั ะทะฐะณััะทะบะธ: 2.392509643s
2025/05/18 17:18:16 ๐ฆ PREMATCH ะธะท Redis
2025/05/18 17:18:17 ๐พ LIVE ะบัั ะพะฑะฝะพะฒะปัะฝ
2025/05/18 17:18:17 โฑ๏ธ ะัะตะผั ะทะฐะณััะทะบะธ: 1.54560879s
2025/05/18 17:19:20 ๐พ LIVE ะบัั ะพะฑะฝะพะฒะปัะฝ
2025/05/18 17:19:20 ๐ฅ ะะฐะณััะถะตะฝะพ 1258 prematch ะผะฐััะตะน
2025/05/18 17:19:20 ๐พ PREMATCH ะบัั ะพะฑะฝะพะฒะปัะฝ
2025/05/18 17:19:20 โฑ๏ธ ะัะตะผั ะทะฐะณััะทะบะธ: 3.847787471s
2025/05/18 17:20:17 ๐ฆ PREMATCH ะธะท Redis
2025/05/18 17:20:19 ๐พ LIVE ะบัั ะพะฑะฝะพะฒะปัะฝ
2025/05/18 17:20:19 โฑ๏ธ ะัะตะผั ะทะฐะณััะทะบะธ: 1.939958844s
2025/05/18 17:21:17 ๐พ LIVE ะบัั ะพะฑะฝะพะฒะปัะฝ
2025/05/18 17:21:17 ๐ฅ ะะฐะณััะถะตะฝะพ 1258 prematch ะผะฐััะตะน
2025/05/18 17:21:17 ๐พ PREMATCH ะบัั ะพะฑะฝะพะฒะปัะฝ
2025/05/18 17:21:17 โฑ๏ธ ะัะตะผั ะทะฐะณััะทะบะธ: 2.05421517s
2025/05/18 17:22:16 ๐ฆ PREMATCH ะธะท Redis
2025/05/18 17:22:22 ๐พ LIVE ะบัั ะพะฑะฝะพะฒะปัะฝ
2025/05/18 17:22:22 โฑ๏ธ ะัะตะผั ะทะฐะณััะทะบะธ: 5.461987608s
2025/05/18 17:23:21 ๐พ LIVE ะบัั ะพะฑะฝะพะฒะปัะฝ
2025/05/18 17:23:21 ๐ฅ ะะฐะณััะถะตะฝะพ 1258 prematch ะผะฐััะตะน
2025/05/18 17:23:21 ๐พ PREMATCH ะบัั ะพะฑะฝะพะฒะปัะฝ
2025/05/18 17:23:21 โฑ๏ธ ะัะตะผั ะทะฐะณััะทะบะธ: 4.091334783s
2025/05/18 17:24:14 ๐ฆ PREMATCH ะธะท Redis
2025/05/18 17:24:18 ๐พ LIVE ะบัั ะพะฑะฝะพะฒะปัะฝ
2025/05/18 17:24:18 โฑ๏ธ ะัะตะผั ะทะฐะณััะทะบะธ: 4.075987894s
2025/05/18 17:25:19 ๐พ LIVE ะบัั ะพะฑะฝะพะฒะปัะฝ
2025/05/18 17:25:19 ๐ฅ ะะฐะณััะถะตะฝะพ 1258 prematch ะผะฐััะตะน
2025/05/18 17:25:19 ๐พ PREMATCH ะบัั ะพะฑะฝะพะฒะปัะฝ
2025/05/18 17:25:19 โฑ๏ธ ะัะตะผั ะทะฐะณััะทะบะธ: 4.4719551s
2025/05/18 17:26:16 ๐ฆ PREMATCH ะธะท Redis
2025/05/18 17:26:19 ๐พ LIVE ะบัั ะพะฑะฝะพะฒะปัะฝ
2025/05/18 17:26:19 โฑ๏ธ ะัะตะผั ะทะฐะณััะทะบะธ: 2.64037167s
2025/05/18 17:27:19 ๐พ LIVE ะบัั ะพะฑะฝะพะฒะปัะฝ
2025/05/18 17:27:19 ๐ฅ ะะฐะณััะถะตะฝะพ 1258 prematch ะผะฐััะตะน
2025/05/18 17:27:19 ๐พ PREMATCH ะบัั ะพะฑะฝะพะฒะปัะฝ
2025/05/18 17:27:19 โฑ๏ธ ะัะตะผั ะทะฐะณััะทะบะธ: 1.737495665s
2025/05/18 17:28:15 ๐ฆ PREMATCH ะธะท Redis
2025/05/18 17:28:17 ๐พ LIVE ะบัั ะพะฑะฝะพะฒะปัะฝ
2025/05/18 17:28:17 โฑ๏ธ ะัะตะผั ะทะฐะณััะทะบะธ: 1.95716664s
2025/05/18 17:29:18 ๐พ LIVE ะบัั ะพะฑะฝะพะฒะปัะฝ
2025/05/18 17:29:18 ๐ฅ ะะฐะณััะถะตะฝะพ 1258 prematch ะผะฐััะตะน
2025/05/18 17:29:18 ๐พ PREMATCH ะบัั ะพะฑะฝะพะฒะปัะฝ
2025/05/18 17:29:18 โฑ๏ธ ะัะตะผั ะทะฐะณััะทะบะธ: 1.721736602s
2025/05/18 17:30:17 ๐ฆ PREMATCH ะธะท Redis
2025/05/18 17:30:19 ๐พ LIVE ะบัั ะพะฑะฝะพะฒะปัะฝ
2025/05/18 17:30:19 โฑ๏ธ ะัะตะผั ะทะฐะณััะทะบะธ: 2.569614349s
2025/05/18 17:31:16 ๐พ LIVE ะบัั ะพะฑะฝะพะฒะปัะฝ
2025/05/18 17:31:16 ๐ฅ ะะฐะณััะถะตะฝะพ 1258 prematch ะผะฐััะตะน
2025/05/18 17:31:16 ๐พ PREMATCH ะบัั ะพะฑะฝะพะฒะปัะฝ
2025/05/18 17:31:16 โฑ๏ธ ะัะตะผั ะทะฐะณััะทะบะธ: 1.68449147s
2025/05/18 17:32:15 ๐ฆ PREMATCH ะธะท Redis
2025/05/18 17:32:22 ๐พ LIVE ะบัั ะพะฑะฝะพะฒะปัะฝ
2025/05/18 17:32:22 โฑ๏ธ ะัะตะผั ะทะฐะณััะทะบะธ: 6.976417936s
2025/05/18 17:33:19 ๐พ LIVE ะบัั ะพะฑะฝะพะฒะปัะฝ
2025/05/18 17:33:19 ๐ฅ ะะฐะณััะถะตะฝะพ 1258 prematch ะผะฐััะตะน
2025/05/18 17:33:19 ๐พ PREMATCH ะบัั ะพะฑะฝะพะฒะปัะฝ
2025/05/18 17:33:19 โฑ๏ธ ะัะตะผั ะทะฐะณััะทะบะธ: 2.387383237s
2025/05/18 17:34:14 ๐ฆ PREMATCH ะธะท Redis
2025/05/18 17:34:16 ๐พ LIVE ะบัั ะพะฑะฝะพะฒะปัะฝ
2025/05/18 17:34:16 โฑ๏ธ ะัะตะผั ะทะฐะณััะทะบะธ: 2.016522336s
2025/05/18 17:35:17 ๐พ LIVE ะบัั ะพะฑะฝะพะฒะปัะฝ
2025/05/18 17:35:17 ๐ฅ ะะฐะณััะถะตะฝะพ 1258 prematch ะผะฐััะตะน
2025/05/18 17:35:17 ๐พ PREMATCH ะบัั ะพะฑะฝะพะฒะปัะฝ
2025/05/18 17:35:17 โฑ๏ธ ะัะตะผั ะทะฐะณััะทะบะธ: 1.49401589s
2025/05/18 17:36:16 ๐ฆ PREMATCH ะธะท Redis
2025/05/18 17:36:18 ๐พ LIVE ะบัั ะพะฑะฝะพะฒะปัะฝ
2025/05/18 17:36:18 โฑ๏ธ ะัะตะผั ะทะฐะณััะทะบะธ: 2.211315339s
2025/05/18 17:37:21 ๐พ LIVE ะบัั ะพะฑะฝะพะฒะปัะฝ
2025/05/18 17:37:21 ๐ฅ ะะฐะณััะถะตะฝะพ 1258 prematch ะผะฐััะตะน
2025/05/18 17:37:21 ๐พ PREMATCH ะบัั ะพะฑะฝะพะฒะปัะฝ
2025/05/18 17:37:21 โฑ๏ธ ะัะตะผั ะทะฐะณััะทะบะธ: 4.000887053s
2025/05/18 17:38:15 ๐ฆ PREMATCH ะธะท Redis
2025/05/18 17:38:16 ๐พ LIVE ะบัั ะพะฑะฝะพะฒะปัะฝ
2025/05/18 17:38:16 โฑ๏ธ ะัะตะผั ะทะฐะณััะทะบะธ: 1.16138169s
2025/05/18 17:39:17 ๐พ LIVE ะบัั ะพะฑะฝะพะฒะปัะฝ
2025/05/18 17:39:17 ๐ฅ ะะฐะณััะถะตะฝะพ 1258 prematch ะผะฐััะตะน
2025/05/18 17:39:17 ๐พ PREMATCH ะบัั ะพะฑะฝะพะฒะปัะฝ
2025/05/18 17:39:17 โฑ๏ธ ะัะตะผั ะทะฐะณััะทะบะธ: 1.368139786s
2025/05/18 17:40:16 ๐ฆ PREMATCH ะธะท Redis
2025/05/18 17:40:22 ๐พ LIVE ะบัั ะพะฑะฝะพะฒะปัะฝ
2025/05/18 17:40:22 โฑ๏ธ ะัะตะผั ะทะฐะณััะทะบะธ: 5.969490712s
2025/05/18 17:41:16 ๐พ LIVE ะบัั ะพะฑะฝะพะฒะปัะฝ
2025/05/18 17:41:16 ๐ฅ ะะฐะณััะถะตะฝะพ 1258 prematch ะผะฐััะตะน
2025/05/18 17:41:16 ๐พ PREMATCH ะบัั ะพะฑะฝะพะฒะปัะฝ
2025/05/18 17:41:16 โฑ๏ธ ะัะตะผั ะทะฐะณััะทะบะธ: 1.942381504s
2025/05/18 17:42:15 ๐ฆ PREMATCH ะธะท Redis
2025/05/18 17:42:18 ๐พ LIVE ะบัั ะพะฑะฝะพะฒะปัะฝ
2025/05/18 17:42:18 โฑ๏ธ ะัะตะผั ะทะฐะณััะทะบะธ: 2.747493488s
2025/05/18 17:43:18 ๐พ LIVE ะบัั ะพะฑะฝะพะฒะปัะฝ
2025/05/18 17:43:18 ๐ฅ ะะฐะณััะถะตะฝะพ 1258 prematch ะผะฐััะตะน
2025/05/18 17:43:18 ๐พ PREMATCH ะบัั ะพะฑะฝะพะฒะปัะฝ
2025/05/18 17:43:18 โฑ๏ธ ะัะตะผั ะทะฐะณััะทะบะธ: 1.973223649s
2025/05/18 17:44:14 ๐ฆ PREMATCH ะธะท Redis
2025/05/18 17:44:16 ๐พ LIVE ะบัั ะพะฑะฝะพะฒะปัะฝ
2025/05/18 17:44:16 โฑ๏ธ ะัะตะผั ะทะฐะณััะทะบะธ: 1.69349904s
2025/05/18 17:45:17 ๐พ LIVE ะบัั ะพะฑะฝะพะฒะปัะฝ
2025/05/18 17:45:17 ๐ฅ ะะฐะณััะถะตะฝะพ 1258 prematch ะผะฐััะตะน
2025/05/18 17:45:17 ๐พ PREMATCH ะบัั ะพะฑะฝะพะฒะปัะฝ
2025/05/18 17:45:17 โฑ๏ธ ะัะตะผั ะทะฐะณััะทะบะธ: 1.216520793s
2025/05/18 17:46:17 ๐ฆ PREMATCH ะธะท Redis
2025/05/18 17:46:19 ๐พ LIVE ะบัั ะพะฑะฝะพะฒะปัะฝ
2025/05/18 17:46:19 โฑ๏ธ ะัะตะผั ะทะฐะณััะทะบะธ: 2.042627155s
2025/05/18 17:47:20 ๐พ LIVE ะบัั ะพะฑะฝะพะฒะปัะฝ
2025/05/18 17:47:20 ๐ฅ ะะฐะณััะถะตะฝะพ 1258 prematch ะผะฐััะตะน
2025/05/18 17:47:20 ๐พ PREMATCH ะบัั ะพะฑะฝะพะฒะปัะฝ
2025/05/18 17:47:20 โฑ๏ธ ะัะตะผั ะทะฐะณััะทะบะธ: 3.066670086s
2025/05/18 17:48:14 ๐ฆ PREMATCH ะธะท Redis
2025/05/18 17:48:16 ๐พ LIVE ะบัั ะพะฑะฝะพะฒะปัะฝ
2025/05/18 17:48:16 โฑ๏ธ ะัะตะผั ะทะฐะณััะทะบะธ: 1.36007694s
2025/05/18 17:49:18 ๐พ LIVE ะบัั ะพะฑะฝะพะฒะปัะฝ
2025/05/18 17:49:18 ๐ฅ ะะฐะณััะถะตะฝะพ 1258 prematch ะผะฐััะตะน
2025/05/18 17:49:18 ๐พ PREMATCH ะบัั ะพะฑะฝะพะฒะปัะฝ
2025/05/18 17:49:18 โฑ๏ธ ะัะตะผั ะทะฐะณััะทะบะธ: 2.235097698s
2025/05/18 17:50:17 ๐ฆ PREMATCH ะธะท Redis
2025/05/18 17:50:21 ๐พ LIVE ะบัั ะพะฑะฝะพะฒะปัะฝ
2025/05/18 17:50:21 โฑ๏ธ ะัะตะผั ะทะฐะณััะทะบะธ: 4.770252088s
2025/05/18 17:51:20 ๐พ LIVE ะบัั ะพะฑะฝะพะฒะปัะฝ
2025/05/18 17:51:20 ๐ฅ ะะฐะณััะถะตะฝะพ 1258 prematch ะผะฐััะตะน
2025/05/18 17:51:20 ๐พ PREMATCH ะบัั ะพะฑะฝะพะฒะปัะฝ
2025/05/18 17:51:20 โฑ๏ธ ะัะตะผั ะทะฐะณััะทะบะธ: 6.01762128s
2025/05/18 17:52:17 ๐ฆ PREMATCH ะธะท Redis
2025/05/18 17:52:24 ๐พ LIVE ะบัั ะพะฑะฝะพะฒะปัะฝ
2025/05/18 17:52:24 โฑ๏ธ ะัะตะผั ะทะฐะณััะทะบะธ: 7.490820978s
2025/05/18 17:53:22 ๐พ LIVE ะบัั ะพะฑะฝะพะฒะปัะฝ
2025/05/18 17:53:22 ๐ฅ ะะฐะณััะถะตะฝะพ 1258 prematch ะผะฐััะตะน
2025/05/18 17:53:22 ๐พ PREMATCH ะบัั ะพะฑะฝะพะฒะปัะฝ
2025/05/18 17:53:22 โฑ๏ธ ะัะตะผั ะทะฐะณััะทะบะธ: 6.926876641s
2025/05/18 17:54:16 ๐ฆ PREMATCH ะธะท Redis
2025/05/18 17:54:22 ๐พ LIVE ะบัั ะพะฑะฝะพะฒะปัะฝ
2025/05/18 17:54:22 โฑ๏ธ ะัะตะผั ะทะฐะณััะทะบะธ: 5.939372767s
2025/05/18 17:55:23 ๐พ LIVE ะบัั ะพะฑะฝะพะฒะปัะฝ
2025/05/18 17:55:23 ๐ฅ ะะฐะณััะถะตะฝะพ 1258 prematch ะผะฐััะตะน
2025/05/18 17:55:23 ๐พ PREMATCH ะบัั ะพะฑะฝะพะฒะปัะฝ
2025/05/18 17:55:23 โฑ๏ธ ะัะตะผั ะทะฐะณััะทะบะธ: 6.37014607s
2025/05/18 17:56:14 ๐ฆ PREMATCH ะธะท Redis
2025/05/18 17:56:19 ๐พ LIVE ะบัั ะพะฑะฝะพะฒะปัะฝ
2025/05/18 17:56:19 โฑ๏ธ ะัะตะผั ะทะฐะณััะทะบะธ: 4.472166593s
2025/05/18 17:57:22 ๐พ LIVE ะบัั ะพะฑะฝะพะฒะปัะฝ
2025/05/18 17:57:22 ๐ฅ ะะฐะณััะถะตะฝะพ 1258 prematch ะผะฐััะตะน
2025/05/18 17:57:22 ๐พ PREMATCH ะบัั ะพะฑะฝะพะฒะปัะฝ
2025/05/18 17:57:22 โฑ๏ธ ะัะตะผั ะทะฐะณััะทะบะธ: 6.551210582s
2025/05/18 17:58:16 ๐ฆ PREMATCH ะธะท Redis
2025/05/18 17:58:25 ๐พ LIVE ะบัั ะพะฑะฝะพะฒะปัะฝ
2025/05/18 17:58:25 โฑ๏ธ ะัะตะผั ะทะฐะณััะทะบะธ: 8.629362105s
2025/05/18 17:59:24 ๐พ LIVE ะบัั ะพะฑะฝะพะฒะปัะฝ
2025/05/18 17:59:24 ๐ฅ ะะฐะณััะถะตะฝะพ 1258 prematch ะผะฐััะตะน
2025/05/18 17:59:24 ๐พ PREMATCH ะบัั ะพะฑะฝะพะฒะปัะฝ
2025/05/18 17:59:24 โฑ๏ธ ะัะตะผั ะทะฐะณััะทะบะธ: 7.278060757s
2025/05/18 18:00:15 ๐ฆ PREMATCH ะธะท Redis
2025/05/18 18:00:34 ๐พ LIVE ะบัั ะพะฑะฝะพะฒะปัะฝ
2025/05/18 18:00:34 โฑ๏ธ ะัะตะผั ะทะฐะณััะทะบะธ: 16.048273816s
2025/05/18 18:01:24 ๐พ LIVE ะบัั ะพะฑะฝะพะฒะปัะฝ
2025/05/18 18:01:24 ๐ฅ ะะฐะณััะถะตะฝะพ 1258 prematch ะผะฐััะตะน
2025/05/18 18:01:24 ๐พ PREMATCH ะบัั ะพะฑะฝะพะฒะปัะฝ
2025/05/18 18:01:24 โฑ๏ธ ะัะตะผั ะทะฐะณััะทะบะธ: 7.620537361s
2025/05/18 18:02:17 ๐ฆ PREMATCH ะธะท Redis
2025/05/18 18:02:31 ๐พ LIVE ะบัั ะพะฑะฝะพะฒะปัะฝ
2025/05/18 18:02:31 โฑ๏ธ ะัะตะผั ะทะฐะณััะทะบะธ: 14.505620046s
2025/05/18 18:03:20 ๐พ LIVE ะบัั ะพะฑะฝะพะฒะปัะฝ
2025/05/18 18:03:20 ๐ฅ ะะฐะณััะถะตะฝะพ 1258 prematch ะผะฐััะตะน
2025/05/18 18:03:20 ๐พ PREMATCH ะบัั ะพะฑะฝะพะฒะปัะฝ
2025/05/18 18:03:20 โฑ๏ธ ะัะตะผั ะทะฐะณััะทะบะธ: 5.5347049s
2025/05/18 18:04:16 ๐ฆ PREMATCH ะธะท Redis
2025/05/18 18:04:21 ๐พ LIVE ะบัั ะพะฑะฝะพะฒะปัะฝ
2025/05/18 18:04:21 โฑ๏ธ ะัะตะผั ะทะฐะณััะทะบะธ: 5.430157106s
2025/05/18 18:05:23 ๐พ LIVE ะบัั ะพะฑะฝะพะฒะปัะฝ
2025/05/18 18:05:23 ๐ฅ ะะฐะณััะถะตะฝะพ 1258 prematch ะผะฐััะตะน
2025/05/18 18:05:23 ๐พ PREMATCH ะบัั ะพะฑะฝะพะฒะปัะฝ
2025/05/18 18:05:23 โฑ๏ธ ะัะตะผั ะทะฐะณััะทะบะธ: 6.598481806s
2025/05/18 18:06:14 ๐ฆ PREMATCH ะธะท Redis
2025/05/18 18:06:24 ๐พ LIVE ะบัั ะพะฑะฝะพะฒะปัะฝ
2025/05/18 18:06:24 โฑ๏ธ ะัะตะผั ะทะฐะณััะทะบะธ: 6.586406121s
2025/05/18 18:07:22 ๐พ LIVE ะบัั ะพะฑะฝะพะฒะปัะฝ
2025/05/18 18:07:22 ๐ฅ ะะฐะณััะถะตะฝะพ 1258 prematch ะผะฐััะตะน
2025/05/18 18:07:22 ๐พ PREMATCH ะบัั ะพะฑะฝะพะฒะปัะฝ
2025/05/18 18:07:22 โฑ๏ธ ะัะตะผั ะทะฐะณััะทะบะธ: 6.891364755s
2025/05/18 18:08:16 ๐ฆ PREMATCH ะธะท Redis
2025/05/18 18:08:22 ๐พ LIVE ะบัั ะพะฑะฝะพะฒะปัะฝ
2025/05/18 18:08:22 โฑ๏ธ ะัะตะผั ะทะฐะณััะทะบะธ: 5.675882247s
2025/05/18 18:09:19 ๐พ LIVE ะบัั ะพะฑะฝะพะฒะปัะฝ
2025/05/18 18:09:19 ๐ฅ ะะฐะณััะถะตะฝะพ 1258 prematch ะผะฐััะตะน
2025/05/18 18:09:19 ๐พ PREMATCH ะบัั ะพะฑะฝะพะฒะปัะฝ
2025/05/18 18:09:19 โฑ๏ธ ะัะตะผั ะทะฐะณััะทะบะธ: 2.659275276s
2025/05/18 18:10:15 ๐ฆ PREMATCH ะธะท Redis
2025/05/18 18:10:19 ๐พ LIVE ะบัั ะพะฑะฝะพะฒะปัะฝ
2025/05/18 18:10:19 โฑ๏ธ ะัะตะผั ะทะฐะณััะทะบะธ: 4.150643767s
2025/05/18 18:13:00 ๐ ะกะตัะฒะตั ะทะฐะฟััะตะฝ ะฝะฐ http://localhost:8080
2025/05/18 18:13:32 ๐พ LIVE ะบัั ะพะฑะฝะพะฒะปัะฝ
2025/05/18 18:13:32 ๐ฅ ะะฐะณััะถะตะฝะพ 1258 prematch ะผะฐััะตะน
2025/05/18 18:13:32 ๐พ PREMATCH ะบัั ะพะฑะฝะพะฒะปัะฝ
2025/05/18 18:13:32 โฑ๏ธ ะัะตะผั ะทะฐะณััะทะบะธ: 5.753466905s
2025/05/18 18:13:32 ๐ฆ LIVE ะธะท Redis
2025/05/18 18:13:32 ๐ฆ PREMATCH ะธะท Redis
2025/05/18 18:13:32 โ ะัะต ะผะฐััะธ ะธะท ะบััะฐ
2025/05/18 18:13:32 ๐พ LIVE ะบัั ะพะฑะฝะพะฒะปัะฝ
2025/05/18 18:13:32 ๐ฅ ะะฐะณััะถะตะฝะพ 1258 prematch ะผะฐััะตะน
2025/05/18 18:13:32 ๐พ PREMATCH ะบัั ะพะฑะฝะพะฒะปัะฝ
2025/05/18 18:13:32 โฑ๏ธ ะัะตะผั ะทะฐะณััะทะบะธ: 5.978347138s
2025/05/18 18:13:32 ๐ฆ LIVE ะธะท Redis
2025/05/18 18:13:32 ๐ฆ PREMATCH ะธะท Redis
2025/05/18 18:13:32 โ ะัะต ะผะฐััะธ ะธะท ะบััะฐ
2025/05/18 18:13:34 ๐ฆ LIVE ะธะท Redis
2025/05/18 18:13:34 ๐ฆ PREMATCH ะธะท Redis
2025/05/18 18:13:34 โ ะัะต ะผะฐััะธ ะธะท ะบััะฐ
2025/05/18 18:13:35 ๐ฆ LIVE ะธะท Redis
2025/05/18 18:13:35 ๐ฆ PREMATCH ะธะท Redis
2025/05/18 18:13:35 โ ะัะต ะผะฐััะธ ะธะท ะบััะฐ
2025/05/18 18:13:36 ๐ฆ LIVE ะธะท Redis
2025/05/18 18:13:36 ๐ฆ PREMATCH ะธะท Redis
2025/05/18 18:13:36 โ ะัะต ะผะฐััะธ ะธะท ะบััะฐ
2025/05/18 18:13:37 ๐ฆ LIVE ะธะท Redis
2025/05/18 18:13:37 ๐ฆ PREMATCH ะธะท Redis
2025/05/18 18:13:37 โ ะัะต ะผะฐััะธ ะธะท ะบััะฐ
2025/05/18 18:13:53 ๐ฆ PREMATCH ะธะท Redis
2025/05/18 18:13:58 ๐ฆ PREMATCH ะธะท Redis
2025/05/18 18:14:00 ๐ฆ PREMATCH ะธะท Redis
2025/05/18 18:14:01 ๐พ LIVE ะบัั ะพะฑะฝะพะฒะปัะฝ
2025/05/18 18:14:01 โฑ๏ธ ะัะตะผั ะทะฐะณััะทะบะธ: 4.685814521s
2025/05/18 18:14:01 ๐ฆ LIVE ะธะท Redis
2025/05/18 18:14:01 ๐ฆ PREMATCH ะธะท Redis
2025/05/18 18:14:01 โ ะัะต ะผะฐััะธ ะธะท ะบััะฐ
2025/05/18 18:14:04 ๐พ LIVE ะบัั ะพะฑะฝะพะฒะปัะฝ
2025/05/18 18:14:04 โฑ๏ธ ะัะตะผั ะทะฐะณััะทะบะธ: 6.32747156s
2025/05/18 18:14:07 ๐พ LIVE ะบัั ะพะฑะฝะพะฒะปัะฝ
2025/05/18 18:14:07 โฑ๏ธ ะัะตะผั ะทะฐะณััะทะบะธ: 7.610034619s
2025/05/18 18:14:28 ๐ฆ PREMATCH ะธะท Redis
2025/05/18 18:14:36 ๐พ LIVE ะบัั ะพะฑะฝะพะฒะปัะฝ
2025/05/18 18:14:36 โฑ๏ธ ะัะตะผั ะทะฐะณััะทะบะธ: 5.089513374s
2025/05/18 18:15:09 ๐พ LIVE ะบัั ะพะฑะฝะพะฒะปัะฝ
2025/05/18 18:15:09 ๐ฅ ะะฐะณััะถะตะฝะพ 1258 prematch ะผะฐััะตะน
2025/05/18 18:15:09 ๐พ PREMATCH ะบัั ะพะฑะฝะพะฒะปัะฝ
2025/05/18 18:15:09 โฑ๏ธ ะัะตะผั ะทะฐะณััะทะบะธ: 6.247145628s
2025/05/18 18:15:30 ๐ฆ PREMATCH ะธะท Redis
2025/05/18 18:15:33 ๐พ LIVE ะบัั ะพะฑะฝะพะฒะปัะฝ
2025/05/18 18:15:33 โฑ๏ธ ะัะตะผั ะทะฐะณััะทะบะธ: 3.451591951s
2025/05/18 18:16:00 ๐ฆ PREMATCH ะธะท Redis
2025/05/18 18:16:05 ๐พ LIVE ะบัั ะพะฑะฝะพะฒะปัะฝ
2025/05/18 18:16:05 โฑ๏ธ ะัะตะผั ะทะฐะณััะทะบะธ: 4.942108167s
2025/05/18 18:16:37 ๐พ LIVE ะบัั ะพะฑะฝะพะฒะปัะฝ
2025/05/18 18:16:37 ๐ฅ ะะฐะณััะถะตะฝะพ 1258 prematch ะผะฐััะตะน
2025/05/18 18:16:37 ๐พ PREMATCH ะบัั ะพะฑะฝะพะฒะปัะฝ
2025/05/18 18:16:37 โฑ๏ธ ะัะตะผั ะทะฐะณััะทะบะธ: 5.97863342s
2025/05/18 18:17:01 ๐ฆ PREMATCH ะธะท Redis
2025/05/18 18:17:07 ๐พ LIVE ะบัั ะพะฑะฝะพะฒะปัะฝ
2025/05/18 18:17:07 โฑ๏ธ ะัะตะผั ะทะฐะณััะทะบะธ: 5.607307737s
2025/05/18 18:17:44 ๐พ LIVE ะบัั ะพะฑะฝะพะฒะปัะฝ
2025/05/18 18:17:44 ๐ฅ ะะฐะณััะถะตะฝะพ 1258 prematch ะผะฐััะตะน
2025/05/18 18:17:44 ๐พ PREMATCH ะบัั ะพะฑะฝะพะฒะปัะฝ
2025/05/18 18:17:44 โฑ๏ธ ะัะตะผั ะทะฐะณััะทะบะธ: 6.144619964s
2025/05/18 18:18:09 ๐ฆ PREMATCH ะธะท Redis
2025/05/18 18:18:15 ๐พ LIVE ะบัั ะพะฑะฝะพะฒะปัะฝ
2025/05/18 18:18:15 โฑ๏ธ ะัะตะผั ะทะฐะณััะทะบะธ: 5.495017282s
2025/05/18 18:18:30 ๐ฆ LIVE ะธะท Redis
2025/05/18 18:18:30 ๐ฆ PREMATCH ะธะท Redis
2025/05/18 18:18:30 โ ะัะต ะผะฐััะธ ะธะท ะบััะฐ
2025/05/18 18:19:03 ๐พ LIVE ะบัั ะพะฑะฝะพะฒะปัะฝ
2025/05/18 18:19:03 ๐ฅ ะะฐะณััะถะตะฝะพ 1258 prematch ะผะฐััะตะน
2025/05/18 18:19:03 ๐พ PREMATCH ะบัั ะพะฑะฝะพะฒะปัะฝ
2025/05/18 18:19:03 โฑ๏ธ ะัะตะผั ะทะฐะณััะทะบะธ: 3.050690762s
2025/05/18 18:19:30 ๐ฆ PREMATCH ะธะท Redis
2025/05/18 18:19:35 ๐พ LIVE ะบัั ะพะฑะฝะพะฒะปัะฝ
2025/05/18 18:19:35 โฑ๏ธ ะัะตะผั ะทะฐะณััะทะบะธ: 5.012598131s
2025/05/18 18:20:01 ๐ฆ PREMATCH ะธะท Redis
2025/05/18 18:20:07 ๐พ LIVE ะบัั ะพะฑะฝะพะฒะปัะฝ
2025/05/18 18:20:07 โฑ๏ธ ะัะตะผั ะทะฐะณััะทะบะธ: 6.338672786s
2025/05/18 18:20:47 ๐พ LIVE ะบัั ะพะฑะฝะพะฒะปัะฝ
2025/05/18 18:20:47 ๐ฅ ะะฐะณััะถะตะฝะพ 1258 prematch ะผะฐััะตะน
2025/05/18 18:20:47 ๐พ PREMATCH ะบัั ะพะฑะฝะพะฒะปัะฝ
2025/05/18 18:20:47 โฑ๏ธ ะัะตะผั ะทะฐะณััะทะบะธ: 7.192869329s
2025/05/18 18:21:02 ๐ฆ LIVE ะธะท Redis
2025/05/18 18:21:02 ๐ฆ PREMATCH ะธะท Redis
2025/05/18 18:21:02 โ ะัะต ะผะฐััะธ ะธะท ะบััะฐ
2025/05/18 18:21:29 ๐ฆ PREMATCH ะธะท Redis
2025/05/18 18:21:38 ๐พ LIVE ะบัั ะพะฑะฝะพะฒะปัะฝ
2025/05/18 18:21:38 โฑ๏ธ ะัะตะผั ะทะฐะณััะทะบะธ: 6.102491649s
2025/05/18 18:22:05 ๐พ LIVE ะบัั ะพะฑะฝะพะฒะปัะฝ
2025/05/18 18:22:05 ๐ฅ ะะฐะณััะถะตะฝะพ 1258 prematch ะผะฐััะตะน
2025/05/18 18:22:05 ๐พ PREMATCH ะบัั ะพะฑะฝะพะฒะปัะฝ
2025/05/18 18:22:05 โฑ๏ธ ะัะตะผั ะทะฐะณััะทะบะธ: 6.284348603s
2025/05/18 18:22:30 ๐ฆ PREMATCH ะธะท Redis
2025/05/18 18:22:35 ๐พ LIVE ะบัั ะพะฑะฝะพะฒะปัะฝ
2025/05/18 18:22:35 โฑ๏ธ ะัะตะผั ะทะฐะณััะทะบะธ: 5.199576553s
2025/05/18 18:23:01 ๐ฆ PREMATCH ะธะท Redis
2025/05/18 18:23:06 ๐พ LIVE ะบัั ะพะฑะฝะพะฒะปัะฝ
2025/05/18 18:23:06 โฑ๏ธ ะัะตะผั ะทะฐะณััะทะบะธ: 5.740555401s
2025/05/18 18:23:36 ๐พ LIVE ะบัั ะพะฑะฝะพะฒะปัะฝ
2025/05/18 18:23:36 ๐ฅ ะะฐะณััะถะตะฝะพ 1258 prematch ะผะฐััะตะน
2025/05/18 18:23:36 ๐พ PREMATCH ะบัั ะพะฑะฝะพะฒะปัะฝ
2025/05/18 18:23:36 โฑ๏ธ ะัะตะผั ะทะฐะณััะทะบะธ: 5.28754203s
2025/05/18 18:24:15 ๐ฆ PREMATCH ะธะท Redis
2025/05/18 18:24:17 ๐พ LIVE ะบัั ะพะฑะฝะพะฒะปัะฝ
2025/05/18 18:24:17 โฑ๏ธ ะัะตะผั ะทะฐะณััะทะบะธ: 2.113264251s
2025/05/18 18:25:18 ๐พ LIVE ะบัั ะพะฑะฝะพะฒะปัะฝ
2025/05/18 18:25:18 ๐ฅ ะะฐะณััะถะตะฝะพ 1258 prematch ะผะฐััะตะน
2025/05/18 18:25:18 ๐พ PREMATCH ะบัั ะพะฑะฝะพะฒะปัะฝ
2025/05/18 18:25:18 โฑ๏ธ ะัะตะผั ะทะฐะณััะทะบะธ: 2.178386732s
2025/05/18 18:26:17 ๐ฆ PREMATCH ะธะท Redis
2025/05/18 18:26:19 ๐พ LIVE ะบัั ะพะฑะฝะพะฒะปัะฝ
2025/05/18 18:26:19 โฑ๏ธ ะัะตะผั ะทะฐะณััะทะบะธ: 1.920830536s
2025/05/18 18:27:13 ๐ ะกะตัะฒะตั ะทะฐะฟััะตะฝ ะฝะฐ http://localhost:8080
2025/05/18 18:27:20 ๐พ LIVE ะบัั ะพะฑะฝะพะฒะปัะฝ
2025/05/18 18:27:20 ๐พ PREMATCH ะบัั ะพะฑะฝะพะฒะปัะฝ
2025/05/18 18:27:20 โฑ๏ธ ะัะตะผั ะทะฐะณััะทะบะธ: 5.059302468s
2025/05/18 18:27:21 ๐พ LIVE ะบัั ะพะฑะฝะพะฒะปัะฝ
2025/05/18 18:27:21 ๐พ PREMATCH ะบัั ะพะฑะฝะพะฒะปัะฝ
2025/05/18 18:27:21 โฑ๏ธ ะัะตะผั ะทะฐะณััะทะบะธ: 3.534907847s
2025/05/18 18:27:21 ๐ฆ LIVE ะธะท Redis
2025/05/18 18:27:21 ๐ฆ PREMATCH ะธะท Redis
2025/05/18 18:27:21 โ ะัะต ะผะฐััะธ ะธะท ะบััะฐ
2025/05/18 18:27:21 ๐พ LIVE ะบัั ะพะฑะฝะพะฒะปัะฝ
2025/05/18 18:27:21 ๐พ PREMATCH ะบัั ะพะฑะฝะพะฒะปัะฝ
2025/05/18 18:27:21 โฑ๏ธ ะัะตะผั ะทะฐะณััะทะบะธ: 3.888292303s
2025/05/18 18:27:21 ๐ฆ LIVE ะธะท Redis
2025/05/18 18:27:21 ๐ฆ PREMATCH ะธะท Redis
2025/05/18 18:27:21 โ ะัะต ะผะฐััะธ ะธะท ะบััะฐ
2025/05/18 18:27:35 ๐ฆ LIVE ะธะท Redis
2025/05/18 18:27:35 ๐ฆ PREMATCH ะธะท Redis
2025/05/18 18:27:35 โ ะัะต ะผะฐััะธ ะธะท ะบััะฐ
2025/05/18 18:28:07 ๐ฆ PREMATCH ะธะท Redis
2025/05/18 18:28:09 ๐พ LIVE ะบัั ะพะฑะฝะพะฒะปัะฝ
2025/05/18 18:28:09 โฑ๏ธ ะัะตะผั ะทะฐะณััะทะบะธ: 2.252012125s
2025/05/18 18:28:42 ๐พ LIVE ะบัั ะพะฑะฝะพะฒะปัะฝ
2025/05/18 18:28:42 ๐พ PREMATCH ะบัั ะพะฑะฝะพะฒะปัะฝ
2025/05/18 18:28:42 โฑ๏ธ ะัะตะผั ะทะฐะณััะทะบะธ: 5.191920285s
2025/05/18 18:29:04 ๐ฆ PREMATCH ะธะท Redis
2025/05/18 18:29:07 ๐พ LIVE ะบัั ะพะฑะฝะพะฒะปัะฝ
2025/05/18 18:29:07 โฑ๏ธ ะัะตะผั ะทะฐะณััะทะบะธ: 2.92732587s
2025/05/18 18:29:34 ๐ฆ PREMATCH ะธะท Redis
2025/05/18 18:29:37 ๐พ LIVE ะบัั ะพะฑะฝะพะฒะปัะฝ
2025/05/18 18:29:37 โฑ๏ธ ะัะตะผั ะทะฐะณััะทะบะธ: 2.81923776s
2025/05/18 18:29:42 ๐ฆ LIVE ะธะท Redis
2025/05/18 18:29:42 ๐ฆ PREMATCH ะธะท Redis
2025/05/18 18:29:42 โ ะัะต ะผะฐััะธ ะธะท ะบััะฐ
2025/05/18 18:29:42 ๐ฆ LIVE ะธะท Redis
2025/05/18 18:29:42 ๐ฆ PREMATCH ะธะท Redis
2025/05/18 18:29:42 โ ะัะต ะผะฐััะธ ะธะท ะบััะฐ
2025/05/18 18:29:42 ๐ฆ LIVE ะธะท Redis
2025/05/18 18:29:42 ๐ฆ LIVE ะธะท Redis
2025/05/18 18:29:42 ๐ฆ PREMATCH ะธะท Redis
2025/05/18 18:29:42 โ ะัะต ะผะฐััะธ ะธะท ะบััะฐ
2025/05/18 18:29:42 ๐ฆ PREMATCH ะธะท Redis
2025/05/18 18:29:42 โ ะัะต ะผะฐััะธ ะธะท ะบััะฐ
2025/05/18 18:29:59 ๐พ LIVE ะบัั ะพะฑะฝะพะฒะปัะฝ
2025/05/18 18:29:59 ๐พ PREMATCH ะบัั ะพะฑะฝะพะฒะปัะฝ
2025/05/18 18:29:59 โฑ๏ธ ะัะตะผั ะทะฐะณััะทะบะธ: 5.014718876s
2025/05/18 18:30:08 ๐พ LIVE ะบัั ะพะฑะฝะพะฒะปัะฝ
2025/05/18 18:30:08 ๐พ PREMATCH ะบัั ะพะฑะฝะพะฒะปัะฝ
2025/05/18 18:30:08 โฑ๏ธ ะัะตะผั ะทะฐะณััะทะบะธ: 14.802338018s
2025/05/18 18:30:09 ๐พ LIVE ะบัั ะพะฑะฝะพะฒะปัะฝ
2025/05/18 18:30:09 ๐พ PREMATCH ะบัั ะพะฑะฝะพะฒะปัะฝ
2025/05/18 18:30:09 โฑ๏ธ ะัะตะผั ะทะฐะณััะทะบะธ: 14.384936637s
2025/05/18 18:30:22 ๐ฆ LIVE ะธะท Redis
2025/05/18 18:30:22 ๐ฆ PREMATCH ะธะท Redis
2025/05/18 18:30:22 โ ะัะต ะผะฐััะธ ะธะท ะบััะฐ
2025/05/18 18:30:53 ๐ฆ PREMATCH ะธะท Redis
2025/05/18 18:30:57 ๐พ LIVE ะบัั ะพะฑะฝะพะฒะปัะฝ
2025/05/18 18:30:57 โฑ๏ธ ะัะตะผั ะทะฐะณััะทะบะธ: 3.71383857s
2025/05/18 18:31:30 ๐พ LIVE ะบัั ะพะฑะฝะพะฒะปัะฝ
2025/05/18 18:31:30 ๐พ PREMATCH ะบัั ะพะฑะฝะพะฒะปัะฝ
2025/05/18 18:31:30 โฑ๏ธ ะัะตะผั ะทะฐะณััะทะบะธ: 6.82042032s
2025/05/18 18:31:54 ๐ฆ PREMATCH ะธะท Redis
2025/05/18 18:32:03 ๐พ LIVE ะบัั ะพะฑะฝะพะฒะปัะฝ
2025/05/18 18:32:03 โฑ๏ธ ะัะตะผั ะทะฐะณััะทะบะธ: 8.38050768s
2025/05/18 18:32:25 ๐ฆ PREMATCH ะธะท Redis
2025/05/18 18:32:29 ๐พ LIVE ะบัั ะพะฑะฝะพะฒะปัะฝ
2025/05/18 18:32:29 โฑ๏ธ ะัะตะผั ะทะฐะณััะทะบะธ: 4.50228409s
2025/05/18 18:33:02 ๐พ LIVE ะบัั ะพะฑะฝะพะฒะปัะฝ
2025/05/18 18:33:02 ๐พ PREMATCH ะบัั ะพะฑะฝะพะฒะปัะฝ
2025/05/18 18:33:02 โฑ๏ธ ะัะตะผั ะทะฐะณััะทะบะธ: 6.454642588s
2025/05/18 18:34:20 ๐พ LIVE ะบัั ะพะฑะฝะพะฒะปัะฝ
2025/05/18 18:34:20 ๐พ PREMATCH ะบัั ะพะฑะฝะพะฒะปัะฝ
2025/05/18 18:34:20 โฑ๏ธ ะัะตะผั ะทะฐะณััะทะบะธ: 4.73372847s
2025/05/18 18:35:16 ๐ฆ PREMATCH ะธะท Redis
2025/05/18 18:35:20 ๐พ LIVE ะบัั ะพะฑะฝะพะฒะปัะฝ
2025/05/18 18:35:20 โฑ๏ธ ะัะตะผั ะทะฐะณััะทะบะธ: 3.52514271s
2025/05/18 18:36:21 ๐พ LIVE ะบัั ะพะฑะฝะพะฒะปัะฝ
2025/05/18 18:36:21 ๐พ PREMATCH ะบัั ะพะฑะฝะพะฒะปัะฝ
2025/05/18 18:36:21 โฑ๏ธ ะัะตะผั ะทะฐะณััะทะบะธ: 3.895611676s
2025/05/18 18:36:25 ๐ฆ LIVE ะธะท Redis
2025/05/18 18:36:26 ๐ฆ PREMATCH ะธะท Redis
2025/05/18 18:36:26 โ ะัะต ะผะฐััะธ ะธะท ะบััะฐ
2025/05/18 18:36:57 ๐ ะกะตัะฒะตั ะทะฐะฟััะตะฝ ะฝะฐ http://localhost:8080
2025/05/18 18:36:57 ๐ฆ PREMATCH ะธะท Redis
2025/05/18 18:37:01 ๐ฆ PREMATCH ะธะท Redis
2025/05/18 18:37:01 ๐ฆ PREMATCH ะธะท Redis
2025/05/18 18:37:08 ๐ฆ LIVE ะธะท Redis
2025/05/18 18:37:08 ๐ฆ PREMATCH ะธะท Redis
2025/05/18 18:37:16 ๐ฆ LIVE ะธะท Redis
2025/05/18 18:37:16 ๐ฆ PREMATCH ะธะท Redis
2025/05/18 18:37:49 ๐ฆ LIVE ะธะท Redis
2025/05/18 18:37:49 ๐ฆ PREMATCH ะธะท Redis
2025/05/18 18:37:50 ๐ฆ LIVE ะธะท Redis
2025/05/18 18:37:50 ๐ฆ PREMATCH ะธะท Redis
2025/05/18 18:37:53 ๐ฆ PREMATCH ะธะท Redis
2025/05/18 18:37:55 ๐ฆ PREMATCH ะธะท Redis
2025/05/18 18:38:26 ๐ฆ PREMATCH ะธะท Redis
2025/05/18 18:39:26 ๐ฆ PREMATCH ะธะท Redis
2025/05/18 18:39:57 ๐ฆ PREMATCH ะธะท Redis
2025/05/18 18:40:55 ๐ฆ PREMATCH ะธะท Redis
2025/05/18 18:43:14 ๐ฆ PREMATCH ะธะท Redis
2025/05/18 18:44:25 ๐ฆ PREMATCH ะธะท Redis
2025/05/18 18:44:56 ๐ฆ PREMATCH ะธะท Redis
2025/05/18 18:47:15 ๐ฆ PREMATCH ะธะท Redis
2025/05/18 18:49:14 ๐ฆ PREMATCH ะธะท Redis
2025/05/18 18:51:16 ๐ฆ PREMATCH ะธะท Redis
2025/05/18 18:53:15 ๐ฆ PREMATCH ะธะท Redis
2025/05/18 18:55:10 ๐ฆ PREMATCH ะธะท Redis
2025/05/18 18:56:25 ๐ฆ LIVE ะธะท Redis
2025/05/18 18:56:25 ๐ฆ PREMATCH ะธะท Redis
2025/05/18 18:56:55 ๐ฆ PREMATCH ะธะท Redis
2025/05/18 18:59:15 ๐ฆ PREMATCH ะธะท Redis
2025/05/18 19:01:17 ๐ฆ PREMATCH ะธะท Redis
2025/05/18 19:03:16 ๐ฆ PREMATCH ะธะท Redis
2025/05/18 19:05:14 ๐ฆ PREMATCH ะธะท Redis
2025/05/18 19:07:17 ๐ฆ PREMATCH ะธะท Redis
2025/05/18 19:09:15 ๐ฆ PREMATCH ะธะท Redis
2025/05/18 19:11:14 ๐ฆ PREMATCH ะธะท Redis
2025/05/18 19:56:26 ๐ฆ LIVE ะธะท Redis
2025/05/18 19:56:26 ๐ฆ PREMATCH ะธะท Redis
2025/05/18 19:56:26 ๐ฆ LIVE ะธะท Redis
2025/05/18 19:56:26 ๐ฆ PREMATCH ะธะท Redis
2025/05/18 19:56:51 ๐ฆ PREMATCH ะธะท Redis
2025/05/19 19:30:18 ๐ ะกะตัะฒะตั ะทะฐะฟััะตะฝ ะฝะฐ http://localhost:8080
2025/05/19 19:47:36 ๐ ะกะตัะฒะตั ะทะฐะฟััะตะฝ ะฝะฐ http://localhost:8080
2025/05/19 20:04:13 ๐ฆ LIVE ะธะท Redis
2025/05/19 20:04:13 ๐ฆ LIVE ะธะท Redis
2025/05/19 20:04:13 ๐ฆ PREMATCH ะธะท Redis
2025/05/19 20:04:13 ๐ฆ PREMATCH ะธะท Redis
2025/05/19 20:04:31 ๐ฆ PREMATCH ะธะท Redis
2025/05/19 20:04:34 ๐ฆ LIVE ะธะท Redis
2025/05/19 20:04:34 ๐ฆ PREMATCH ะธะท Redis
2025/05/19 20:04:36 ๐ฆ LIVE ะธะท Redis
2025/05/19 20:04:36 ๐ฆ PREMATCH ะธะท Redis
2025/05/19 20:04:39 ๐ฆ LIVE ะธะท Redis
2025/05/19 20:04:39 ๐ฆ PREMATCH ะธะท Redis
2025/05/19 20:04:41 ๐ฆ LIVE ะธะท Redis
2025/05/19 20:04:41 ๐ฆ PREMATCH ะธะท Redis
2025/05/19 20:04:47 ๐ฆ PREMATCH ะธะท Redis
2025/05/19 20:05:48 ๐ฆ PREMATCH ะธะท Redis
2025/05/19 20:06:18 ๐ฆ PREMATCH ะธะท Redis
2025/05/19 20:07:18 ๐ฆ PREMATCH ะธะท Redis
2025/05/19 20:07:30 ๐ฆ LIVE ะธะท Redis
2025/05/19 20:07:30 ๐ฆ PREMATCH ะธะท Redis
2025/05/19 20:07:30 ๐ฆ LIVE ะธะท Redis
2025/05/19 20:07:30 ๐ฆ LIVE ะธะท Redis
2025/05/19 20:07:30 ๐ฆ PREMATCH ะธะท Redis
2025/05/19 20:07:30 ๐ฆ PREMATCH ะธะท Redis
2025/05/19 20:07:30 ๐ฆ LIVE ะธะท Redis
2025/05/19 20:07:30 ๐ฆ PREMATCH ะธะท Redis
2025/05/19 20:08:31 ๐ฆ PREMATCH ะธะท Redis
2025/05/19 20:09:01 ๐ฆ PREMATCH ะธะท Redis
2025/05/19 20:09:12 ๐ฆ LIVE ะธะท Redis
2025/05/19 20:09:12 ๐ฆ LIVE ะธะท Redis
2025/05/19 20:09:12 ๐ฆ LIVE ะธะท Redis
2025/05/19 20:09:12 ๐ฆ LIVE ะธะท Redis
2025/05/19 20:09:12 ๐ฆ PREMATCH ะธะท Redis
2025/05/19 20:09:12 ๐ฆ PREMATCH ะธะท Redis
2025/05/19 20:09:14 ๐ฆ LIVE ะธะท Redis
2025/05/19 20:09:14 ๐ฆ LIVE ะธะท Redis
2025/05/19 20:09:14 ๐ฆ PREMATCH ะธะท Redis
2025/05/19 20:09:14 ๐ฆ LIVE ะธะท Redis
2025/05/19 20:09:14 ๐ฆ PREMATCH ะธะท Redis
2025/05/19 20:09:14 ๐ฆ PREMATCH ะธะท Redis
2025/05/19 20:09:14 ๐ฆ LIVE ะธะท Redis
2025/05/19 20:09:14 ๐ฆ PREMATCH ะธะท Redis
2025/05/19 20:09:45 ๐ฆ PREMATCH ะธะท Redis
2025/05/19 20:10:45 ๐ฆ PREMATCH ะธะท Redis
2025/05/19 20:11:15 ๐ฆ PREMATCH ะธะท Redis
2025/05/19 20:12:15 ๐ฆ PREMATCH ะธะท Redis
2025/05/19 20:14:32 ๐ฆ PREMATCH ะธะท Redis
2025/05/19 20:16:32 ๐ฆ PREMATCH ะธะท Redis
2025/05/19 20:18:32 ๐ฆ PREMATCH ะธะท Redis
2025/05/19 20:20:32 ๐ฆ PREMATCH ะธะท Redis
2025/05/19 20:22:32 ๐ฆ PREMATCH ะธะท Redis
2025/05/19 20:24:32 ๐ฆ PREMATCH ะธะท Redis
2025/05/19 20:26:32 ๐ฆ PREMATCH ะธะท Redis
2025/05/19 20:28:32 ๐ฆ PREMATCH ะธะท Redis
2025/05/19 20:30:32 ๐ฆ PREMATCH ะธะท Redis
2025/05/19 20:32:32 ๐ฆ PREMATCH ะธะท Redis
2025/05/19 20:34:32 ๐ฆ PREMATCH ะธะท Redis
2025/05/19 20:36:32 ๐ฆ PREMATCH ะธะท Redis
